"../../../Engine/Content/EditorResources/S_Actor.ubulk" 0
"../../../Engine/Content/EditorResources/S_Actor.uasset" 1
"../../../Engine/Content/EditorResources/S_Actor.uexp" 2
"../../../Engine/Content/EditorResources/S_BoxReflectionCapture.uasset" 3
"../../../Engine/Content/EditorResources/S_BoxReflectionCapture.uexp" 4
"../../../Engine/Content/EngineResources/DefaultTexture.ubulk" 5
"../../../Engine/Content/EngineResources/DefaultTexture.uasset" 6
"../../../Engine/Content/EngineResources/DefaultTexture.uexp" 7
"../../../Engine/Content/EngineResources/DefaultTextureCube.uasset" 8
"../../../Engine/Content/EngineResources/DefaultTextureCube.uexp" 9
"../../../Engine/Content/EngineResources/DefaultVolumeTexture2D.uasset" 10
"../../../Engine/Content/EngineResources/DefaultVolumeTexture2D.uexp" 11
"../../../Engine/Content/EngineResources/DefaultVolumeTexture.uasset" 12
"../../../Engine/Content/EngineResources/DefaultVolumeTexture.uexp" 13
"../../../Engine/Content/EditorResources/S_Trigger.ubulk" 14
"../../../Engine/Content/EditorResources/S_Trigger.uasset" 15
"../../../Engine/Content/EditorResources/S_Trigger.uexp" 16
"../../../Engine/Content/EditorResources/S_TriggerBox.uasset" 17
"../../../Engine/Content/EditorResources/S_TriggerBox.uexp" 18
"../../../Engine/Content/EditorResources/S_TriggerCapsule.uasset" 19
"../../../Engine/Content/EditorResources/S_TriggerCapsule.uexp" 20
"../../../Engine/Content/EditorResources/S_TriggerSphere.uasset" 21
"../../../Engine/Content/EditorResources/S_TriggerSphere.uexp" 22
"../../../Engine/Content/EngineMeshes/Sphere.ubulk" 23
"../../../Engine/Content/EngineMeshes/Sphere.uasset" 24
"../../../Engine/Content/EngineMeshes/Sphere.uexp" 25
"../../../Engine/Content/EngineResources/GradientTexture0.uasset" 26
"../../../Engine/Content/EngineResources/GradientTexture0.uexp" 27
"../../../Engine/Content/EngineResources/Black.uasset" 28
"../../../Engine/Content/EngineResources/Black.uexp" 29
"../../../Engine/Content/VREditor/LaserPointer/VR_LaserPower_01.ubulk" 30
"../../../Engine/Content/VREditor/LaserPointer/VR_LaserPower_01.uasset" 31
"../../../Engine/Content/VREditor/LaserPointer/VR_LaserPower_01.uexp" 32
"../../../Engine/Content/VREditor/TransformGizmo/TransformGizmoMaterial.uasset" 33
"../../../Engine/Content/VREditor/TransformGizmo/TransformGizmoMaterial.uexp" 34
"../../../Engine/Content/VREditor/TransformGizmo/TranslucentTransformGizmoMaterial.uasset" 35
"../../../Engine/Content/VREditor/TransformGizmo/TranslucentTransformGizmoMaterial.uexp" 36
"../../../Engine/Content/VREditor/TransformGizmo/PlaneTranslationHandle.ubulk" 37
"../../../Engine/Content/VREditor/TransformGizmo/PlaneTranslationHandle.uasset" 38
"../../../Engine/Content/VREditor/TransformGizmo/PlaneTranslationHandle.uexp" 39
"../../../Engine/Content/VREditor/TransformGizmo/BoundingBoxCorner.ubulk" 40
"../../../Engine/Content/VREditor/TransformGizmo/BoundingBoxCorner.uasset" 41
"../../../Engine/Content/VREditor/TransformGizmo/BoundingBoxCorner.uexp" 42
"../../../Engine/Content/VREditor/TransformGizmo/BoundingBoxEdge.ubulk" 43
"../../../Engine/Content/VREditor/TransformGizmo/BoundingBoxEdge.uasset" 44
"../../../Engine/Content/VREditor/TransformGizmo/BoundingBoxEdge.uexp" 45
"../../../Engine/Content/VREditor/TransformGizmo/Main.uasset" 46
"../../../Engine/Content/VREditor/TransformGizmo/Main.uexp" 47
"../../../Engine/Content/VREditor/TransformGizmo/Xray.uasset" 48
"../../../Engine/Content/VREditor/TransformGizmo/Xray.uexp" 49
"../../../Engine/Content/VREditor/TransformGizmo/SM_Sequencer_Node.ubulk" 50
"../../../Engine/Content/VREditor/TransformGizmo/SM_Sequencer_Node.uasset" 51
"../../../Engine/Content/VREditor/TransformGizmo/SM_Sequencer_Node.uexp" 52
"../../../Engine/Content/EditorMaterials/Camera/CineMat.uasset" 53
"../../../Engine/Content/EditorMaterials/Camera/CineMat.uexp" 54
"../../../Engine/Content/EditorMaterials/Camera/MI_CineMat_Rig.uasset" 55
"../../../Engine/Content/EditorMaterials/Camera/MI_CineMat_Rig.uexp" 56
"../../../Engine/Content/EditorMeshes/Camera/SM_CraneRig_Base.ubulk" 57
"../../../Engine/Content/EditorMeshes/Camera/SM_CraneRig_Base.uasset" 58
"../../../Engine/Content/EditorMeshes/Camera/SM_CraneRig_Base.uexp" 59
"../../../Engine/Content/EditorMeshes/Camera/SM_CraneRig_Arm.ubulk" 60
"../../../Engine/Content/EditorMeshes/Camera/SM_CraneRig_Arm.uasset" 61
"../../../Engine/Content/EditorMeshes/Camera/SM_CraneRig_Arm.uexp" 62
"../../../Engine/Content/EditorMeshes/Camera/SM_CraneRig_Mount.ubulk" 63
"../../../Engine/Content/EditorMeshes/Camera/SM_CraneRig_Mount.uasset" 64
"../../../Engine/Content/EditorMeshes/Camera/SM_CraneRig_Mount.uexp" 65
"../../../Engine/Content/EditorMeshes/Camera/SM_CraneRig_Body.ubulk" 66
"../../../Engine/Content/EditorMeshes/Camera/SM_CraneRig_Body.uasset" 67
"../../../Engine/Content/EditorMeshes/Camera/SM_CraneRig_Body.uexp" 68
"../../../Engine/Content/EditorMeshes/Camera/SM_RailRig_Track.ubulk" 69
"../../../Engine/Content/EditorMeshes/Camera/SM_RailRig_Track.uasset" 70
"../../../Engine/Content/EditorMeshes/Camera/SM_RailRig_Track.uexp" 71
"../../../Engine/Content/EditorMeshes/Camera/SM_RailRig_Mount.ubulk" 72
"../../../Engine/Content/EditorMeshes/Camera/SM_RailRig_Mount.uasset" 73
"../../../Engine/Content/EditorMeshes/Camera/SM_RailRig_Mount.uexp" 74
"../../../Engine/Content/EngineMaterials/T_Default_Material_Grid_M.ubulk" 75
"../../../Engine/Content/EngineMaterials/T_Default_Material_Grid_M.uasset" 76
"../../../Engine/Content/EngineMaterials/T_Default_Material_Grid_M.uexp" 77
"../../../Engine/Content/EngineMaterials/T_Default_Material_Grid_N.ubulk" 78
"../../../Engine/Content/EngineMaterials/T_Default_Material_Grid_N.uasset" 79
"../../../Engine/Content/EngineMaterials/T_Default_Material_Grid_N.uexp" 80
"../../../Engine/Content/Functions/Engine_MaterialFunctions01/Opacity/CameraDepthFade.uasset" 81
"../../../Engine/Content/Functions/Engine_MaterialFunctions01/Opacity/CameraDepthFade.uexp" 82
"../../../Engine/Content/EngineMaterials/WorldGridMaterial.uasset" 83
"../../../Engine/Content/EngineMaterials/WorldGridMaterial.uexp" 84
"../../../Engine/Content/ArtTools/RenderToTexture/Meshes/S_1_Unit_Plane.ubulk" 85
"../../../Engine/Content/ArtTools/RenderToTexture/Meshes/S_1_Unit_Plane.uasset" 86
"../../../Engine/Content/ArtTools/RenderToTexture/Meshes/S_1_Unit_Plane.uexp" 87
"../../../Engine/Content/EditorMaterials/ParticleSystems/PSysThumbnail_NoImage.ubulk" 88
"../../../Engine/Content/EditorMaterials/ParticleSystems/PSysThumbnail_NoImage.uasset" 89
"../../../Engine/Content/EditorMaterials/ParticleSystems/PSysThumbnail_NoImage.uexp" 90
"../../../Engine/Content/EditorMaterials/ParticleSystems/PSysThumbnail_OOD.ubulk" 91
"../../../Engine/Content/EditorMaterials/ParticleSystems/PSysThumbnail_OOD.uasset" 92
"../../../Engine/Content/EditorMaterials/ParticleSystems/PSysThumbnail_OOD.uexp" 93
"../../../Engine/Content/EditorLandscapeResources/SplineEditorMeshMat.uasset" 94
"../../../Engine/Content/EditorLandscapeResources/SplineEditorMeshMat.uexp" 95
"../../../Engine/Content/EditorLandscapeResources/SplineEditorMesh.ubulk" 96
"../../../Engine/Content/EditorLandscapeResources/SplineEditorMesh.uasset" 97
"../../../Engine/Content/EditorLandscapeResources/SplineEditorMesh.uexp" 98
"../../../Engine/Content/EditorResources/S_Solver.ubulk" 99
"../../../Engine/Content/EditorResources/S_Solver.uasset" 100
"../../../Engine/Content/EditorResources/S_Solver.uexp" 101
"../../../Engine/Plugins/Media/MediaPlate/Content/SM_MediaPlateScreen.ubulk" 102
"../../../Engine/Plugins/Media/MediaPlate/Content/SM_MediaPlateScreen.uasset" 103
"../../../Engine/Plugins/Media/MediaPlate/Content/SM_MediaPlateScreen.uexp" 104
"../../../Engine/Content/EngineMaterials/Good64x64TilingNoiseHighFreq.uasset" 105
"../../../Engine/Content/EngineMaterials/Good64x64TilingNoiseHighFreq.uexp" 106
"../../../Engine/Content/EngineMaterials/DefaultBokeh.uasset" 107
"../../../Engine/Content/EngineMaterials/DefaultBokeh.uexp" 108
"../../../Engine/Content/EngineMaterials/PreintegratedSkinBRDF.uasset" 109
"../../../Engine/Content/EngineMaterials/PreintegratedSkinBRDF.uexp" 110
"../../../Engine/Content/EngineMaterials/MiniFont.uasset" 111
"../../../Engine/Content/EngineMaterials/MiniFont.uexp" 112
"../../../Engine/Content/EngineMaterials/WeightMapPlaceholderTexture.uasset" 113
"../../../Engine/Content/EngineMaterials/WeightMapPlaceholderTexture.uexp" 114
"../../../Engine/Content/EngineMaterials/DefaultWhiteGrid.ubulk" 115
"../../../Engine/Content/EngineMaterials/DefaultWhiteGrid.uasset" 116
"../../../Engine/Content/EngineMaterials/DefaultWhiteGrid.uexp" 117
"../../../Engine/Plugins/2D/Paper2D/Content/PlaceholderTextures/DummySpriteTexture.ubulk" 118
"../../../Engine/Plugins/2D/Paper2D/Content/PlaceholderTextures/DummySpriteTexture.uasset" 119
"../../../Engine/Plugins/2D/Paper2D/Content/PlaceholderTextures/DummySpriteTexture.uexp" 120
"../../../Engine/Plugins/2D/Paper2D/Content/DefaultSpriteMaterial.uasset" 121
"../../../Engine/Plugins/2D/Paper2D/Content/DefaultSpriteMaterial.uexp" 122
"../../../Engine/Plugins/2D/Paper2D/Content/OpaqueUnlitSpriteMaterial.uasset" 123
"../../../Engine/Plugins/2D/Paper2D/Content/OpaqueUnlitSpriteMaterial.uexp" 124
"../../../Engine/Plugins/2D/Paper2D/Content/MaskedUnlitSpriteMaterial.uasset" 125
"../../../Engine/Plugins/2D/Paper2D/Content/MaskedUnlitSpriteMaterial.uexp" 126
"../../../Engine/Plugins/2D/Paper2D/Content/DummySprite.uasset" 127
"../../../Engine/Plugins/2D/Paper2D/Content/DummySprite.uexp" 128
"../../../Engine/Plugins/2D/Paper2D/Content/DefaultPaperTerrainMaterial.uasset" 129
"../../../Engine/Plugins/2D/Paper2D/Content/DefaultPaperTerrainMaterial.uexp" 130
"../../../Engine/Content/Functions/Engine_MaterialFunctions02/WorldPositionOffset/CameraOffset.uasset" 131
"../../../Engine/Content/Functions/Engine_MaterialFunctions02/WorldPositionOffset/CameraOffset.uexp" 132
"../../../Engine/Plugins/Animation/ControlRig/Content/M_Manip.uasset" 133
"../../../Engine/Plugins/Animation/ControlRig/Content/M_Manip.uexp" 134
"../../../Engine/Content/BasicShapes/Plane.ubulk" 135
"../../../Engine/Content/BasicShapes/Plane.uasset" 136
"../../../Engine/Content/BasicShapes/Plane.uexp" 137
"../../../Engine/Content/BasicShapes/Cube.ubulk" 138
"../../../Engine/Content/BasicShapes/Cube.uasset" 139
"../../../Engine/Content/BasicShapes/Cube.uexp" 140
"../../../Engine/Content/EngineMaterials/DefaultMaterial.uasset" 141
"../../../Engine/Content/EngineMaterials/DefaultMaterial.uexp" 142
"../../../Engine/Content/BasicShapes/Cone.ubulk" 143
"../../../Engine/Content/BasicShapes/Cone.uasset" 144
"../../../Engine/Content/BasicShapes/Cone.uexp" 145
"../../../Engine/Content/EngineResources/WhiteSquareTexture.uasset" 146
"../../../Engine/Content/EngineResources/WhiteSquareTexture.uexp" 147
"../../../Engine/Content/EngineMaterials/Widget3DPassThrough.uasset" 148
"../../../Engine/Content/EngineMaterials/Widget3DPassThrough.uexp" 149
"../../../Engine/Content/EngineMaterials/Widget3DPassThrough_Translucent.uasset" 150
"../../../Engine/Content/EngineMaterials/Widget3DPassThrough_Translucent.uexp" 151
"../../../Engine/Content/EngineMaterials/Widget3DPassThrough_Translucent_OneSided.uasset" 152
"../../../Engine/Content/EngineMaterials/Widget3DPassThrough_Translucent_OneSided.uexp" 153
"../../../Engine/Content/EngineMaterials/Widget3DPassThrough_Opaque.uasset" 154
"../../../Engine/Content/EngineMaterials/Widget3DPassThrough_Opaque.uexp" 155
"../../../Engine/Content/EngineMaterials/Widget3DPassThrough_Opaque_OneSided.uasset" 156
"../../../Engine/Content/EngineMaterials/Widget3DPassThrough_Opaque_OneSided.uexp" 157
"../../../Engine/Content/EngineMaterials/Widget3DPassThrough_Masked_OneSided.uasset" 158
"../../../Engine/Content/EngineMaterials/Widget3DPassThrough_Masked_OneSided.uexp" 159
"../../../Engine/Content/EngineMaterials/Widget3DPassThrough_Masked.uasset" 160
"../../../Engine/Content/EngineMaterials/Widget3DPassThrough_Masked.uexp" 161
"../../../Engine/Content/EngineMaterials/STBlueNoise_vec2_128x128x64.uasset" 162
"../../../Engine/Content/EngineMaterials/STBlueNoise_vec2_128x128x64.uexp" 163
"../../../Engine/Content/EngineMaterials/STBlueNoise_scalar_128x128x64.uasset" 164
"../../../Engine/Content/EngineMaterials/STBlueNoise_scalar_128x128x64.uexp" 165
"../../../Engine/Plugins/Animation/ControlRig/Content/Controls/DefaultGizmoLibraryNormalized.uasset" 166
"../../../Engine/Plugins/Animation/ControlRig/Content/Controls/DefaultGizmoLibraryNormalized.uexp" 167
"../../../Engine/Plugins/Animation/ControlRig/Content/Controls/ControlRig_Wedge_solid.ubulk" 168
"../../../Engine/Plugins/Animation/ControlRig/Content/Controls/ControlRig_Wedge_solid.uasset" 169
"../../../Engine/Plugins/Animation/ControlRig/Content/Controls/ControlRig_Wedge_solid.uexp" 170
"../../../Engine/Plugins/Animation/ControlRig/Content/Controls/ControlRig_Wedge_3mm.ubulk" 171
"../../../Engine/Plugins/Animation/ControlRig/Content/Controls/ControlRig_Wedge_3mm.uasset" 172
"../../../Engine/Plugins/Animation/ControlRig/Content/Controls/ControlRig_Wedge_3mm.uexp" 173
"../../../Engine/Plugins/Animation/ControlRig/Content/Controls/ControlRig_Wedge_1mm.ubulk" 174
"../../../Engine/Plugins/Animation/ControlRig/Content/Controls/ControlRig_Wedge_1mm.uasset" 175
"../../../Engine/Plugins/Animation/ControlRig/Content/Controls/ControlRig_Wedge_1mm.uexp" 176
"../../../Engine/Plugins/Animation/ControlRig/Content/Controls/ControlRig_Triangle_solid.ubulk" 177
"../../../Engine/Plugins/Animation/ControlRig/Content/Controls/ControlRig_Triangle_solid.uasset" 178
"../../../Engine/Plugins/Animation/ControlRig/Content/Controls/ControlRig_Triangle_solid.uexp" 179
"../../../Engine/Plugins/Animation/ControlRig/Content/Controls/ControlRig_Triangle_3mm.ubulk" 180
"../../../Engine/Plugins/Animation/ControlRig/Content/Controls/ControlRig_Triangle_3mm.uasset" 181
"../../../Engine/Plugins/Animation/ControlRig/Content/Controls/ControlRig_Triangle_3mm.uexp" 182
"../../../Engine/Plugins/Animation/ControlRig/Content/Controls/ControlRig_Triangle_1mm.ubulk" 183
"../../../Engine/Plugins/Animation/ControlRig/Content/Controls/ControlRig_Triangle_1mm.uasset" 184
"../../../Engine/Plugins/Animation/ControlRig/Content/Controls/ControlRig_Triangle_1mm.uexp" 185
"../../../Engine/Plugins/Animation/ControlRig/Content/Controls/ControlRig_Star4_solid.ubulk" 186
"../../../Engine/Plugins/Animation/ControlRig/Content/Controls/ControlRig_Star4_solid.uasset" 187
"../../../Engine/Plugins/Animation/ControlRig/Content/Controls/ControlRig_Star4_solid.uexp" 188
"../../../Engine/Plugins/Animation/ControlRig/Content/Controls/ControlRig_Star4_3mm.ubulk" 189
"../../../Engine/Plugins/Animation/ControlRig/Content/Controls/ControlRig_Star4_3mm.uasset" 190
"../../../Engine/Plugins/Animation/ControlRig/Content/Controls/ControlRig_Star4_3mm.uexp" 191
"../../../Engine/Plugins/Animation/ControlRig/Content/Controls/ControlRig_Star4_1mm.ubulk" 192
"../../../Engine/Plugins/Animation/ControlRig/Content/Controls/ControlRig_Star4_1mm.uasset" 193
"../../../Engine/Plugins/Animation/ControlRig/Content/Controls/ControlRig_Star4_1mm.uexp" 194
"../../../Engine/Plugins/Animation/ControlRig/Content/Controls/ControlRig_Square_solid.ubulk" 195
"../../../Engine/Plugins/Animation/ControlRig/Content/Controls/ControlRig_Square_solid.uasset" 196
"../../../Engine/Plugins/Animation/ControlRig/Content/Controls/ControlRig_Square_solid.uexp" 197
"../../../Engine/Plugins/Animation/ControlRig/Content/Controls/ControlRig_Square_3mm.ubulk" 198
"../../../Engine/Plugins/Animation/ControlRig/Content/Controls/ControlRig_Square_3mm.uasset" 199
"../../../Engine/Plugins/Animation/ControlRig/Content/Controls/ControlRig_Square_3mm.uexp" 200
"../../../Engine/Plugins/Animation/ControlRig/Content/Controls/ControlRig_Square_1mm.ubulk" 201
"../../../Engine/Plugins/Animation/ControlRig/Content/Controls/ControlRig_Square_1mm.uasset" 202
"../../../Engine/Plugins/Animation/ControlRig/Content/Controls/ControlRig_Square_1mm.uexp" 203
"../../../Engine/Plugins/Animation/ControlRig/Content/Controls/ControlRig_Sphere_solid.ubulk" 204
"../../../Engine/Plugins/Animation/ControlRig/Content/Controls/ControlRig_Sphere_solid.uasset" 205
"../../../Engine/Plugins/Animation/ControlRig/Content/Controls/ControlRig_Sphere_solid.uexp" 206
"../../../Engine/Plugins/Animation/ControlRig/Content/Controls/ControlRig_Sphere_3mm.ubulk" 207
"../../../Engine/Plugins/Animation/ControlRig/Content/Controls/ControlRig_Sphere_3mm.uasset" 208
"../../../Engine/Plugins/Animation/ControlRig/Content/Controls/ControlRig_Sphere_3mm.uexp" 209
"../../../Engine/Plugins/Animation/ControlRig/Content/Controls/ControlRig_Sphere_1mm.ubulk" 210
"../../../Engine/Plugins/Animation/ControlRig/Content/Controls/ControlRig_Sphere_1mm.uasset" 211
"../../../Engine/Plugins/Animation/ControlRig/Content/Controls/ControlRig_Sphere_1mm.uexp" 212
"../../../Engine/Plugins/Animation/ControlRig/Content/Controls/ControlRig_RoundedTriangle_solid.ubulk" 213
"../../../Engine/Plugins/Animation/ControlRig/Content/Controls/ControlRig_RoundedTriangle_solid.uasset" 214
"../../../Engine/Plugins/Animation/ControlRig/Content/Controls/ControlRig_RoundedTriangle_solid.uexp" 215
"../../../Engine/Plugins/Animation/ControlRig/Content/Controls/ControlRig_RoundedTriangle_3mm.ubulk" 216
"../../../Engine/Plugins/Animation/ControlRig/Content/Controls/ControlRig_RoundedTriangle_3mm.uasset" 217
"../../../Engine/Plugins/Animation/ControlRig/Content/Controls/ControlRig_RoundedTriangle_3mm.uexp" 218
"../../../Engine/Plugins/Animation/ControlRig/Content/Controls/ControlRig_RoundedTriangle_1mm.ubulk" 219
"../../../Engine/Plugins/Animation/ControlRig/Content/Controls/ControlRig_RoundedTriangle_1mm.uasset" 220
"../../../Engine/Plugins/Animation/ControlRig/Content/Controls/ControlRig_RoundedTriangle_1mm.uexp" 221
"../../../Engine/Plugins/Animation/ControlRig/Content/Controls/ControlRig_RoundedSquare_solid.ubulk" 222
"../../../Engine/Plugins/Animation/ControlRig/Content/Controls/ControlRig_RoundedSquare_solid.uasset" 223
"../../../Engine/Plugins/Animation/ControlRig/Content/Controls/ControlRig_RoundedSquare_solid.uexp" 224
"../../../Engine/Plugins/Animation/ControlRig/Content/Controls/ControlRig_RoundedSquare_3mm.ubulk" 225
"../../../Engine/Plugins/Animation/ControlRig/Content/Controls/ControlRig_RoundedSquare_3mm.uasset" 226
"../../../Engine/Plugins/Animation/ControlRig/Content/Controls/ControlRig_RoundedSquare_3mm.uexp" 227
"../../../Engine/Plugins/Animation/ControlRig/Content/Controls/ControlRig_RoundedSquare_1mm.ubulk" 228
"../../../Engine/Plugins/Animation/ControlRig/Content/Controls/ControlRig_RoundedSquare_1mm.uasset" 229
"../../../Engine/Plugins/Animation/ControlRig/Content/Controls/ControlRig_RoundedSquare_1mm.uexp" 230
"../../../Engine/Plugins/Animation/ControlRig/Content/Controls/ControlRig_QuarterCircle_solid.ubulk" 231
"../../../Engine/Plugins/Animation/ControlRig/Content/Controls/ControlRig_QuarterCircle_solid.uasset" 232
"../../../Engine/Plugins/Animation/ControlRig/Content/Controls/ControlRig_QuarterCircle_solid.uexp" 233
"../../../Engine/Plugins/Animation/ControlRig/Content/Controls/ControlRig_QuarterCircle_3mm.ubulk" 234
"../../../Engine/Plugins/Animation/ControlRig/Content/Controls/ControlRig_QuarterCircle_3mm.uasset" 235
"../../../Engine/Plugins/Animation/ControlRig/Content/Controls/ControlRig_QuarterCircle_3mm.uexp" 236
"../../../Engine/Plugins/Animation/ControlRig/Content/Controls/ControlRig_QuarterCircle_1mm.ubulk" 237
"../../../Engine/Plugins/Animation/ControlRig/Content/Controls/ControlRig_QuarterCircle_1mm.uasset" 238
"../../../Engine/Plugins/Animation/ControlRig/Content/Controls/ControlRig_QuarterCircle_1mm.uexp" 239
"../../../Engine/Plugins/Animation/ControlRig/Content/Controls/ControlRig_Pyramid_solid.ubulk" 240
"../../../Engine/Plugins/Animation/ControlRig/Content/Controls/ControlRig_Pyramid_solid.uasset" 241
"../../../Engine/Plugins/Animation/ControlRig/Content/Controls/ControlRig_Pyramid_solid.uexp" 242
"../../../Engine/Plugins/Animation/ControlRig/Content/Controls/ControlRig_Pyramid_3mm.ubulk" 243
"../../../Engine/Plugins/Animation/ControlRig/Content/Controls/ControlRig_Pyramid_3mm.uasset" 244
"../../../Engine/Plugins/Animation/ControlRig/Content/Controls/ControlRig_Pyramid_3mm.uexp" 245
"../../../Engine/Plugins/Animation/ControlRig/Content/Controls/ControlRig_Pyramid_1mm.ubulk" 246
"../../../Engine/Plugins/Animation/ControlRig/Content/Controls/ControlRig_Pyramid_1mm.uasset" 247
"../../../Engine/Plugins/Animation/ControlRig/Content/Controls/ControlRig_Pyramid_1mm.uexp" 248
"../../../Engine/Plugins/Animation/ControlRig/Content/Controls/ControlRig_Octagon_solid.ubulk" 249
"../../../Engine/Plugins/Animation/ControlRig/Content/Controls/ControlRig_Octagon_solid.uasset" 250
"../../../Engine/Plugins/Animation/ControlRig/Content/Controls/ControlRig_Octagon_solid.uexp" 251
"../../../Engine/Plugins/Animation/ControlRig/Content/Controls/ControlRig_Octagon_3mm.ubulk" 252
"../../../Engine/Plugins/Animation/ControlRig/Content/Controls/ControlRig_Octagon_3mm.uasset" 253
"../../../Engine/Plugins/Animation/ControlRig/Content/Controls/ControlRig_Octagon_3mm.uexp" 254
"../../../Engine/Plugins/Animation/ControlRig/Content/Controls/ControlRig_Octagon_1mm.ubulk" 255
"../../../Engine/Plugins/Animation/ControlRig/Content/Controls/ControlRig_Octagon_1mm.uasset" 256
"../../../Engine/Plugins/Animation/ControlRig/Content/Controls/ControlRig_Octagon_1mm.uexp" 257
"../../../Engine/Plugins/Animation/ControlRig/Content/Controls/ControlRig_Hexagon_solid.ubulk" 258
"../../../Engine/Plugins/Animation/ControlRig/Content/Controls/ControlRig_Hexagon_solid.uasset" 259
"../../../Engine/Plugins/Animation/ControlRig/Content/Controls/ControlRig_Hexagon_solid.uexp" 260
"../../../Engine/Plugins/Animation/ControlRig/Content/Controls/ControlRig_Hexagon_3mm.ubulk" 261
"../../../Engine/Plugins/Animation/ControlRig/Content/Controls/ControlRig_Hexagon_3mm.uasset" 262
"../../../Engine/Plugins/Animation/ControlRig/Content/Controls/ControlRig_Hexagon_3mm.uexp" 263
"../../../Engine/Plugins/Animation/ControlRig/Content/Controls/ControlRig_Hexagon_1mm.ubulk" 264
"../../../Engine/Plugins/Animation/ControlRig/Content/Controls/ControlRig_Hexagon_1mm.uasset" 265
"../../../Engine/Plugins/Animation/ControlRig/Content/Controls/ControlRig_Hexagon_1mm.uexp" 266
"../../../Engine/Plugins/Animation/ControlRig/Content/Controls/ControlRig_HalfCircle_solid.ubulk" 267
"../../../Engine/Plugins/Animation/ControlRig/Content/Controls/ControlRig_HalfCircle_solid.uasset" 268
"../../../Engine/Plugins/Animation/ControlRig/Content/Controls/ControlRig_HalfCircle_solid.uexp" 269
"../../../Engine/Plugins/Animation/ControlRig/Content/Controls/ControlRig_HalfCircle_3mm.ubulk" 270
"../../../Engine/Plugins/Animation/ControlRig/Content/Controls/ControlRig_HalfCircle_3mm.uasset" 271
"../../../Engine/Plugins/Animation/ControlRig/Content/Controls/ControlRig_HalfCircle_3mm.uexp" 272
"../../../Engine/Plugins/Animation/ControlRig/Content/Controls/ControlRig_HalfCircle_1mm.ubulk" 273
"../../../Engine/Plugins/Animation/ControlRig/Content/Controls/ControlRig_HalfCircle_1mm.uasset" 274
"../../../Engine/Plugins/Animation/ControlRig/Content/Controls/ControlRig_HalfCircle_1mm.uexp" 275
"../../../Engine/Plugins/Animation/ControlRig/Content/Controls/ControlRig_Diamond_solid.ubulk" 276
"../../../Engine/Plugins/Animation/ControlRig/Content/Controls/ControlRig_Diamond_solid.uasset" 277
"../../../Engine/Plugins/Animation/ControlRig/Content/Controls/ControlRig_Diamond_solid.uexp" 278
"../../../Engine/Plugins/Animation/ControlRig/Content/Controls/ControlRig_Diamond_3mm.ubulk" 279
"../../../Engine/Plugins/Animation/ControlRig/Content/Controls/ControlRig_Diamond_3mm.uasset" 280
"../../../Engine/Plugins/Animation/ControlRig/Content/Controls/ControlRig_Diamond_3mm.uexp" 281
"../../../Engine/Plugins/Runtime/MeshModelingToolset/Content/Materials/M_DynamicMeshComponentVtxColor.uasset" 282
"../../../Engine/Plugins/Runtime/MeshModelingToolset/Content/Materials/M_DynamicMeshComponentVtxColor.uexp" 283
"../../../Engine/Plugins/Interchange/Runtime/Content/Pipelines/DefaultTexturePipeline.uasset" 284
"../../../Engine/Plugins/Interchange/Runtime/Content/Pipelines/DefaultTexturePipeline.uexp" 285
"../../../Engine/Plugins/Interchange/Runtime/Content/Pipelines/DefaultSceneLevelPipeline.uasset" 286
"../../../Engine/Plugins/Interchange/Runtime/Content/Pipelines/DefaultSceneLevelPipeline.uexp" 287
"../../../Engine/Plugins/Interchange/Runtime/Content/Pipelines/DefaultSceneAssetsPipeline.uasset" 288
"../../../Engine/Plugins/Interchange/Runtime/Content/Pipelines/DefaultSceneAssetsPipeline.uexp" 289
"../../../Engine/Plugins/Interchange/Runtime/Content/Pipelines/DefaultMaterialPipeline.uasset" 290
"../../../Engine/Plugins/Interchange/Runtime/Content/Pipelines/DefaultMaterialPipeline.uexp" 291
"../../../Engine/Plugins/Interchange/Runtime/Content/Pipelines/DefaultAssetsPipeline.uasset" 292
"../../../Engine/Plugins/Interchange/Runtime/Content/Pipelines/DefaultAssetsPipeline.uexp" 293
"../../../Engine/Plugins/Editor/SpeedTreeImporter/Content/SpeedTree9/game_wind_noise.ubulk" 294
"../../../Engine/Plugins/Editor/SpeedTreeImporter/Content/SpeedTree9/game_wind_noise.uasset" 295
"../../../Engine/Plugins/Editor/SpeedTreeImporter/Content/SpeedTree9/game_wind_noise.uexp" 296
"../../../Engine/Plugins/Editor/SpeedTreeImporter/Content/SpeedTree9/UnpackDirection.uasset" 297
"../../../Engine/Plugins/Editor/SpeedTreeImporter/Content/SpeedTree9/UnpackDirection.uexp" 298
"../../../Engine/Content/Functions/Engine_MaterialFunctions02/ObjectLocalBounds.uasset" 299
"../../../Engine/Content/Functions/Engine_MaterialFunctions02/ObjectLocalBounds.uexp" 300
"../../../Engine/Content/Functions/Engine_MaterialFunctions02/Utility/BreakOutFloat3Components.uasset" 301
"../../../Engine/Content/Functions/Engine_MaterialFunctions02/Utility/BreakOutFloat3Components.uexp" 302
"../../../Engine/Content/Functions/Engine_MaterialFunctions02/UVs/BoundingBoxBased_0-1_UVW.uasset" 303
"../../../Engine/Content/Functions/Engine_MaterialFunctions02/UVs/BoundingBoxBased_0-1_UVW.uexp" 304
"../../../Engine/Content/Functions/Engine_MaterialFunctions02/Utility/VectorLength.uasset" 305
"../../../Engine/Content/Functions/Engine_MaterialFunctions02/Utility/VectorLength.uexp" 306
"../../../Engine/Plugins/Editor/SpeedTreeImporter/Content/SpeedTree9/UnpackInteger3.uasset" 307
"../../../Engine/Plugins/Editor/SpeedTreeImporter/Content/SpeedTree9/UnpackInteger3.uexp" 308
"../../../Engine/Plugins/Editor/SpeedTreeImporter/Content/SpeedTree9/SpeedTreeCameraFacing.uasset" 309
"../../../Engine/Plugins/Editor/SpeedTreeImporter/Content/SpeedTree9/SpeedTreeCameraFacing.uexp" 310
"../../../Engine/Content/Functions/Engine_MaterialFunctions02/WorldPositionOffset/ObjectScale.uasset" 311
"../../../Engine/Content/Functions/Engine_MaterialFunctions02/WorldPositionOffset/ObjectScale.uexp" 312
"../../../Engine/Content/Functions/Engine_MaterialFunctions02/SafeNormalize.uasset" 313
"../../../Engine/Content/Functions/Engine_MaterialFunctions02/SafeNormalize.uexp" 314
"../../../Engine/Plugins/Editor/SpeedTreeImporter/Content/SpeedTree9/SpeedTreeWindMotion.uasset" 315
"../../../Engine/Plugins/Editor/SpeedTreeImporter/Content/SpeedTree9/SpeedTreeWindMotion.uexp" 316
"../../../Engine/Plugins/Editor/SpeedTreeImporter/Content/SpeedTree9/SpeedTreeBranchMotion.uasset" 317
"../../../Engine/Plugins/Editor/SpeedTreeImporter/Content/SpeedTree9/SpeedTreeBranchMotion.uexp" 318
"../../../Engine/Plugins/Editor/SpeedTreeImporter/Content/SpeedTree9/SpeedTreeWind.uasset" 319
"../../../Engine/Plugins/Editor/SpeedTreeImporter/Content/SpeedTree9/SpeedTreeWind.uexp" 320
"../../../Engine/Plugins/Editor/SpeedTreeImporter/Content/SpeedTree9/EmptyNormal.uasset" 321
"../../../Engine/Plugins/Editor/SpeedTreeImporter/Content/SpeedTree9/EmptyNormal.uexp" 322
"../../../Engine/Plugins/Editor/SpeedTreeImporter/Content/SpeedTree9/Empty.uasset" 323
"../../../Engine/Plugins/Editor/SpeedTreeImporter/Content/SpeedTree9/Empty.uexp" 324
"../../../Engine/Plugins/Editor/SpeedTreeImporter/Content/SpeedTree9/SpeedTreeMaster.uasset" 325
"../../../Engine/Plugins/Editor/SpeedTreeImporter/Content/SpeedTree9/SpeedTreeMaster.uexp" 326
"../../../Engine/Plugins/Editor/SpeedTreeImporter/Content/SpeedTree9/SpeedTreeBillboard.uasset" 327
"../../../Engine/Plugins/Editor/SpeedTreeImporter/Content/SpeedTree9/SpeedTreeBillboard.uexp" 328
"../../../Engine/Plugins/Editor/SpeedTreeImporter/Content/SpeedTree9/SpeedTreeBillboardMaster.uasset" 329
"../../../Engine/Plugins/Editor/SpeedTreeImporter/Content/SpeedTree9/SpeedTreeBillboardMaster.uexp" 330
"../../../Engine/Plugins/Animation/ControlRig/Content/Controls/ControlRig_Diamond_1mm.ubulk" 331
"../../../Engine/Plugins/Animation/ControlRig/Content/Controls/ControlRig_Diamond_1mm.uasset" 332
"../../../Engine/Plugins/Animation/ControlRig/Content/Controls/ControlRig_Diamond_1mm.uexp" 333
"../../../Engine/Plugins/Animation/ControlRig/Content/Controls/ControlRig_Circle_solid.ubulk" 334
"../../../Engine/Plugins/Animation/ControlRig/Content/Controls/ControlRig_Circle_solid.uasset" 335
"../../../Engine/Plugins/Animation/ControlRig/Content/Controls/ControlRig_Circle_solid.uexp" 336
"../../../Engine/Plugins/Animation/ControlRig/Content/Controls/ControlRig_Circle_3mm.ubulk" 337
"../../../Engine/Plugins/Animation/ControlRig/Content/Controls/ControlRig_Circle_3mm.uasset" 338
"../../../Engine/Plugins/Animation/ControlRig/Content/Controls/ControlRig_Circle_3mm.uexp" 339
"../../../Engine/Plugins/Animation/ControlRig/Content/Controls/ControlRig_Circle_1mm.ubulk" 340
"../../../Engine/Plugins/Animation/ControlRig/Content/Controls/ControlRig_Circle_1mm.uasset" 341
"../../../Engine/Plugins/Animation/ControlRig/Content/Controls/ControlRig_Circle_1mm.uexp" 342
"../../../Engine/Plugins/Animation/ControlRig/Content/Controls/ControlRig_Box_solid.ubulk" 343
"../../../Engine/Plugins/Animation/ControlRig/Content/Controls/ControlRig_Box_solid.uasset" 344
"../../../Engine/Plugins/Animation/ControlRig/Content/Controls/ControlRig_Box_solid.uexp" 345
"../../../Engine/Plugins/Animation/ControlRig/Content/Controls/ControlRig_Box_3mm.ubulk" 346
"../../../Engine/Plugins/Animation/ControlRig/Content/Controls/ControlRig_Box_3mm.uasset" 347
"../../../Engine/Plugins/Animation/ControlRig/Content/Controls/ControlRig_Box_3mm.uexp" 348
"../../../Engine/Plugins/Animation/ControlRig/Content/Controls/ControlRig_Box_1mm.ubulk" 349
"../../../Engine/Plugins/Animation/ControlRig/Content/Controls/ControlRig_Box_1mm.uasset" 350
"../../../Engine/Plugins/Animation/ControlRig/Content/Controls/ControlRig_Box_1mm.uexp" 351
"../../../Engine/Plugins/Animation/ControlRig/Content/Controls/ControlRig_Arrow_solid.ubulk" 352
"../../../Engine/Plugins/Animation/ControlRig/Content/Controls/ControlRig_Arrow_solid.uasset" 353
"../../../Engine/Plugins/Animation/ControlRig/Content/Controls/ControlRig_Arrow_solid.uexp" 354
"../../../Engine/Plugins/Animation/ControlRig/Content/Controls/ControlRig_Arrow_3mm.ubulk" 355
"../../../Engine/Plugins/Animation/ControlRig/Content/Controls/ControlRig_Arrow_3mm.uasset" 356
"../../../Engine/Plugins/Animation/ControlRig/Content/Controls/ControlRig_Arrow_3mm.uexp" 357
"../../../Engine/Plugins/Animation/ControlRig/Content/Controls/ControlRig_Arrow_1mm.ubulk" 358
"../../../Engine/Plugins/Animation/ControlRig/Content/Controls/ControlRig_Arrow_1mm.uasset" 359
"../../../Engine/Plugins/Animation/ControlRig/Content/Controls/ControlRig_Arrow_1mm.uexp" 360
"../../../Engine/Plugins/Animation/ControlRig/Content/Controls/ControlRig_Arrow4_solid.ubulk" 361
"../../../Engine/Plugins/Animation/ControlRig/Content/Controls/ControlRig_Arrow4_solid.uasset" 362
"../../../Engine/Plugins/Animation/ControlRig/Content/Controls/ControlRig_Arrow4_solid.uexp" 363
"../../../Engine/Plugins/Animation/ControlRig/Content/Controls/ControlRig_Arrow4_3mm.ubulk" 364
"../../../Engine/Plugins/Animation/ControlRig/Content/Controls/ControlRig_Arrow4_3mm.uasset" 365
"../../../Engine/Plugins/Animation/ControlRig/Content/Controls/ControlRig_Arrow4_3mm.uexp" 366
"../../../Engine/Plugins/Animation/ControlRig/Content/Controls/ControlRig_Arrow4_1mm.ubulk" 367
"../../../Engine/Plugins/Animation/ControlRig/Content/Controls/ControlRig_Arrow4_1mm.uasset" 368
"../../../Engine/Plugins/Animation/ControlRig/Content/Controls/ControlRig_Arrow4_1mm.uexp" 369
"../../../Engine/Plugins/Animation/ControlRig/Content/Controls/ControlRig_Arrow2_solid.ubulk" 370
"../../../Engine/Plugins/Animation/ControlRig/Content/Controls/ControlRig_Arrow2_solid.uasset" 371
"../../../Engine/Plugins/Animation/ControlRig/Content/Controls/ControlRig_Arrow2_solid.uexp" 372
"../../../Engine/Plugins/Animation/ControlRig/Content/Controls/ControlRig_Arrow2_3mm.ubulk" 373
"../../../Engine/Plugins/Animation/ControlRig/Content/Controls/ControlRig_Arrow2_3mm.uasset" 374
"../../../Engine/Plugins/Animation/ControlRig/Content/Controls/ControlRig_Arrow2_3mm.uexp" 375
"../../../Engine/Plugins/Animation/ControlRig/Content/Controls/ControlRig_Arrow2_1mm.ubulk" 376
"../../../Engine/Plugins/Animation/ControlRig/Content/Controls/ControlRig_Arrow2_1mm.uasset" 377
"../../../Engine/Plugins/Animation/ControlRig/Content/Controls/ControlRig_Arrow2_1mm.uexp" 378
"../../../Engine/Plugins/Animation/ControlRig/Content/Controls/ControlRigXRayMaterial.uasset" 379
"../../../Engine/Plugins/Animation/ControlRig/Content/Controls/ControlRigXRayMaterial.uexp" 380
"../../../Engine/Plugins/Animation/ControlRig/Content/Controls/ControlRigGizmoMaterial.uasset" 381
"../../../Engine/Plugins/Animation/ControlRig/Content/Controls/ControlRigGizmoMaterial.uexp" 382
"../../../Engine/Content/EngineSounds/Master.uasset" 383
"../../../Engine/Content/EngineSounds/Master.uexp" 384
"../../../Engine/Content/EngineMaterials/RemoveSurfaceMaterial.uasset" 385
"../../../Engine/Content/EngineMaterials/RemoveSurfaceMaterial.uexp" 386
"../../../Engine/Content/EngineMaterials/DefaultCalibrationGrayscale.uasset" 387
"../../../Engine/Content/EngineMaterials/DefaultCalibrationGrayscale.uexp" 388
"../../../Engine/Content/EngineMaterials/PPM_DefaultCalibrationGrayscale.uasset" 389
"../../../Engine/Content/EngineMaterials/PPM_DefaultCalibrationGrayscale.uexp" 390
"../../../Engine/Content/EngineMaterials/DefaultCalibrationColor.uasset" 391
"../../../Engine/Content/EngineMaterials/DefaultCalibrationColor.uexp" 392
"../../../Engine/Content/EngineMaterials/PPM_DefaultCalibrationColor.uasset" 393
"../../../Engine/Content/EngineMaterials/PPM_DefaultCalibrationColor.uexp" 394
"../../../Engine/Content/EngineMaterials/PhAT_JointLimitMaterial.uasset" 395
"../../../Engine/Content/EngineMaterials/PhAT_JointLimitMaterial.uexp" 396
"../../../Engine/Content/EngineMaterials/NaniteHiddenSectionMaterial.uasset" 397
"../../../Engine/Content/EngineMaterials/NaniteHiddenSectionMaterial.uexp" 398
"../../../Engine/Content/EngineMaterials/InvalidLightmapSettings.ubulk" 399
"../../../Engine/Content/EngineMaterials/InvalidLightmapSettings.uasset" 400
"../../../Engine/Content/EngineMaterials/InvalidLightmapSettings.uexp" 401
"../../../Engine/Content/EngineMaterials/M_InvalidLightmapSettings.uasset" 402
"../../../Engine/Content/EngineMaterials/M_InvalidLightmapSettings.uexp" 403
"../../../Engine/Content/EngineMaterials/GizmoMaterial.uasset" 404
"../../../Engine/Content/EngineMaterials/GizmoMaterial.uexp" 405
"../../../Engine/Content/EngineMaterials/BaseFlattenEmissiveMap_VT.uasset" 406
"../../../Engine/Content/EngineMaterials/BaseFlattenEmissiveMap_VT.uexp" 407
"../../../Engine/Content/EngineMaterials/BaseFlattenGrayscaleMap_VT.uasset" 408
"../../../Engine/Content/EngineMaterials/BaseFlattenGrayscaleMap_VT.uexp" 409
"../../../Engine/Content/EngineMaterials/BaseFlattenLinearColor_VT.uasset" 410
"../../../Engine/Content/EngineMaterials/BaseFlattenLinearColor_VT.uexp" 411
"../../../Engine/Content/EngineMaterials/Black_1x1_EXR_Texture_VT.uasset" 412
"../../../Engine/Content/EngineMaterials/Black_1x1_EXR_Texture_VT.uexp" 413
"../../../Engine/Content/EngineMaterials/BaseFlattenDiffuseMap_VT.uasset" 414
"../../../Engine/Content/EngineMaterials/BaseFlattenDiffuseMap_VT.uexp" 415
"../../../Engine/Content/EngineMaterials/BaseFlattenNormalMap_VT.uasset" 416
"../../../Engine/Content/EngineMaterials/BaseFlattenNormalMap_VT.uexp" 417
"../../../Engine/Content/EngineMaterials/FlattenMaterial_WS_Normal_VT.uasset" 418
"../../../Engine/Content/EngineMaterials/FlattenMaterial_WS_Normal_VT.uexp" 419
"../../../Engine/Content/EngineMaterials/FlattenMaterial_VT.uasset" 420
"../../../Engine/Content/EngineMaterials/FlattenMaterial_VT.uexp" 421
"../../../Engine/Content/EngineMaterials/BaseFlattenNormalMap.uasset" 422
"../../../Engine/Content/EngineMaterials/BaseFlattenNormalMap.uexp" 423
"../../../Engine/Content/EngineMaterials/BaseFlattenGrayscaleMap.uasset" 424
"../../../Engine/Content/EngineMaterials/BaseFlattenGrayscaleMap.uexp" 425
"../../../Engine/Content/EngineMaterials/BaseFlattenDiffuseMap.uasset" 426
"../../../Engine/Content/EngineMaterials/BaseFlattenDiffuseMap.uexp" 427
"../../../Engine/Content/Functions/Engine_MaterialFunctions02/PivotPainter2/Black_1x1_EXR_Texture.uasset" 428
"../../../Engine/Content/Functions/Engine_MaterialFunctions02/PivotPainter2/Black_1x1_EXR_Texture.uexp" 429
"../../../Engine/Content/EngineMaterials/BaseFlattenEmissiveMap.uasset" 430
"../../../Engine/Content/EngineMaterials/BaseFlattenEmissiveMap.uexp" 431
"../../../Engine/Content/EngineMaterials/BaseFlattenLinearColor.uasset" 432
"../../../Engine/Content/EngineMaterials/BaseFlattenLinearColor.uexp" 433
"../../../Engine/Content/EngineMaterials/FlattenMaterial.uasset" 434
"../../../Engine/Content/EngineMaterials/FlattenMaterial.uexp" 435
"../../../Engine/Content/EngineMaterials/DefaultWhiteGrid_Low.uasset" 436
"../../../Engine/Content/EngineMaterials/DefaultWhiteGrid_Low.uexp" 437
"../../../Engine/Content/EngineMaterials/EmissiveMeshMaterial.uasset" 438
"../../../Engine/Content/EngineMaterials/EmissiveMeshMaterial.uexp" 439
"../../../Engine/Content/EngineFonts/RobotoDistanceField.uasset" 440
"../../../Engine/Content/EngineFonts/RobotoDistanceField.uexp" 441
"../../../Engine/Content/EngineMaterials/DefaultTextMaterialOpaque.uasset" 442
"../../../Engine/Content/EngineMaterials/DefaultTextMaterialOpaque.uexp" 443
"../../../Engine/Content/EngineMaterials/DefaultDiffuse.ubulk" 444
"../../../Engine/Content/EngineMaterials/DefaultDiffuse.uasset" 445
"../../../Engine/Content/EngineMaterials/DefaultDiffuse.uexp" 446
"../../../Engine/Content/Functions/Engine_MaterialFunctions02/Utility/BreakOutFloat2Components.uasset" 447
"../../../Engine/Content/Functions/Engine_MaterialFunctions02/Utility/BreakOutFloat2Components.uexp" 448
"../../../Engine/Content/EngineMaterials/DefaultPostProcessMaterial.uasset" 449
"../../../Engine/Content/EngineMaterials/DefaultPostProcessMaterial.uexp" 450
"../../../Engine/Content/EngineMaterials/DefaultPhysicalMaterial.uasset" 451
"../../../Engine/Content/EngineMaterials/DefaultPhysicalMaterial.uexp" 452
"../../../Engine/Content/EngineMaterials/DefaultLightFunctionMaterial.uasset" 453
"../../../Engine/Content/EngineMaterials/DefaultLightFunctionMaterial.uexp" 454
"../../../Engine/Content/EngineMaterials/DefaultDestructiblePhysicalMaterial.uasset" 455
"../../../Engine/Content/EngineMaterials/DefaultDestructiblePhysicalMaterial.uexp" 456
"../../../Engine/Content/EngineMaterials/DefaultDeferredDecalMaterial.uasset" 457
"../../../Engine/Content/EngineMaterials/DefaultDeferredDecalMaterial.uexp" 458
"../../../Engine/Content/EngineMaterials/DefaultBloomKernel.uasset" 459
"../../../Engine/Content/EngineMaterials/DefaultBloomKernel.uexp" 460
"../../../Engine/Content/EngineFonts/Faces/RobotoLight.uexp" 461
"../../../Engine/Content/EngineFonts/Faces/RobotoLight.uasset" 462
"../../../Engine/Content/EngineFonts/Faces/RobotoLight.ufont" 463
"../../../Engine/Content/EngineFonts/Faces/RobotoBold.uexp" 464
"../../../Engine/Content/EngineFonts/Faces/RobotoBold.uasset" 465
"../../../Engine/Content/EngineFonts/Faces/RobotoBold.ufont" 466
"../../../Engine/Content/EngineFonts/Faces/RobotoRegular.uexp" 467
"../../../Engine/Content/EngineFonts/Faces/RobotoRegular.uasset" 468
"../../../Engine/Content/EngineFonts/Faces/RobotoRegular.ufont" 469
"../../../Engine/Content/EngineFonts/Faces/DroidSansFallback.uexp" 470
"../../../Engine/Content/EngineFonts/Faces/DroidSansFallback.uasset" 471
"../../../Engine/Content/EngineFonts/Faces/DroidSansFallback.ufont" 472
"../../../Engine/Content/EngineFonts/Faces/RobotoItalic.uexp" 473
"../../../Engine/Content/EngineFonts/Faces/RobotoItalic.uasset" 474
"../../../Engine/Content/EngineFonts/Faces/RobotoItalic.ufont" 475
"../../../Engine/Content/EngineFonts/Faces/RobotoBoldItalic.uexp" 476
"../../../Engine/Content/EngineFonts/Faces/RobotoBoldItalic.uasset" 477
"../../../Engine/Content/EngineFonts/Faces/RobotoBoldItalic.ufont" 478
"../../../Engine/Content/EngineFonts/Roboto.uasset" 479
"../../../Engine/Content/EngineFonts/Roboto.uexp" 480
"../../../Engine/Content/Functions/Engine_MaterialFunctions02/Utility/CameraDirectionVector.uasset" 481
"../../../Engine/Content/Functions/Engine_MaterialFunctions02/Utility/CameraDirectionVector.uexp" 482
"../../../Engine/Content/EngineDebugMaterials/VolumeToRender.uasset" 483
"../../../Engine/Content/EngineDebugMaterials/VolumeToRender.uexp" 484
"../../../Engine/Content/EngineDebugMaterials/M_VolumeRenderSphereTracePP.uasset" 485
"../../../Engine/Content/EngineDebugMaterials/M_VolumeRenderSphereTracePP.uexp" 486
"../../../Engine/Content/EngineDebugMaterials/M_SimpleUnlitTranslucent.uasset" 487
"../../../Engine/Content/EngineDebugMaterials/M_SimpleUnlitTranslucent.uexp" 488
"../../../Engine/Content/EngineDebugMaterials/DebugMeshMaterial.uasset" 489
"../../../Engine/Content/EngineDebugMaterials/DebugMeshMaterial.uexp" 490
"../../../Engine/Content/EngineDebugMaterials/DebugEditorMaterial.uasset" 491
"../../../Engine/Content/EngineDebugMaterials/DebugEditorMaterial.uexp" 492
"../../../Engine/Content/EngineDamageTypes/DmgTypeBP_Environmental.uasset" 493
"../../../Engine/Content/EngineDamageTypes/DmgTypeBP_Environmental.uexp" 494
"../../../Engine/Content/EditorResources/S_Terrain.ubulk" 495
"../../../Engine/Content/EditorResources/S_Terrain.uasset" 496
"../../../Engine/Content/EditorResources/S_Terrain.uexp" 497
"../../../Engine/Content/EditorResources/EmptyActor.uasset" 498
"../../../Engine/Content/EditorResources/EmptyActor.uexp" 499
"../../../Engine/Content/EditorResources/BSPVertex.uasset" 500
"../../../Engine/Content/EditorResources/BSPVertex.uexp" 501
"../../../Engine/Content/EditorMaterials/PreviewShadowIndicator.ubulk" 502
"../../../Engine/Content/EditorMaterials/PreviewShadowIndicator.uasset" 503
"../../../Engine/Content/EditorMaterials/PreviewShadowIndicator.uexp" 504
"../../../Engine/Content/EditorMaterials/PreviewShadowIndicatorMaterial.uasset" 505
"../../../Engine/Content/EditorMaterials/PreviewShadowIndicatorMaterial.uexp" 506
"../../../Engine/Content/EditorMaterials/PhAT_UnselectedMaterial.uasset" 507
"../../../Engine/Content/EditorMaterials/PhAT_UnselectedMaterial.uexp" 508
"../../../Engine/Content/EditorMaterials/PhAT_NoCollisionMaterial.uasset" 509
"../../../Engine/Content/EditorMaterials/PhAT_NoCollisionMaterial.uexp" 510
"../../../Engine/Content/EditorLandscapeResources/DefaultAlphaTexture.uasset" 511
"../../../Engine/Content/EditorLandscapeResources/DefaultAlphaTexture.uexp" 512
"../../../Engine/Content/EditorLandscapeResources/DataLayer.uasset" 513
"../../../Engine/Content/EditorLandscapeResources/DataLayer.uexp" 514
"../../../Engine/Content/MobileResources/HUD/VirtualJoystick_Background.uasset" 515
"../../../Engine/Content/MobileResources/HUD/VirtualJoystick_Background.uexp" 516
"../../../Engine/Content/MobileResources/HUD/VirtualJoystick_Thumb.uasset" 517
"../../../Engine/Content/MobileResources/HUD/VirtualJoystick_Thumb.uexp" 518
"../../../Engine/Content/MobileResources/HUD/DefaultVirtualJoysticks.uasset" 519
"../../../Engine/Content/MobileResources/HUD/DefaultVirtualJoysticks.uexp" 520
"../../../Engine/Content/Animation/DefaultAnimCurveCompressionSettings.uasset" 521
"../../../Engine/Content/Animation/DefaultAnimCurveCompressionSettings.uexp" 522
"C:/Users/ldoyle/Documents/GitHub/SpookyGame/Content/SimpleFantasy/Models/Characters/SK_Character_Bard_Skeleton.uasset" 523
"C:/Users/ldoyle/Documents/GitHub/SpookyGame/Content/SimpleFantasy/Models/Characters/SK_Character_Bard_Skeleton.uexp" 524
"../../../Engine/Content/Animation/DefaultAnimBoneCompressionSettings.uasset" 525
"../../../Engine/Content/Animation/DefaultAnimBoneCompressionSettings.uexp" 526
"C:/Users/ldoyle/Documents/GitHub/SpookyGame/Content/Spooky/Wizard_Arm.uasset" 527
"C:/Users/ldoyle/Documents/GitHub/SpookyGame/Content/Spooky/Wizard_Arm.uexp" 528
"C:/Users/ldoyle/Documents/GitHub/SpookyGame/Content/Spooky/ABP_Wizard.uasset" 529
"C:/Users/ldoyle/Documents/GitHub/SpookyGame/Content/Spooky/ABP_Wizard.uexp" 530
"C:/Users/ldoyle/Documents/GitHub/SpookyGame/Content/FirstPerson/Input/Actions/IA_Look.uasset" 531
"C:/Users/ldoyle/Documents/GitHub/SpookyGame/Content/FirstPerson/Input/Actions/IA_Look.uexp" 532
"C:/Users/ldoyle/Documents/GitHub/SpookyGame/Content/FirstPerson/Input/Actions/IA_Move.uasset" 533
"C:/Users/ldoyle/Documents/GitHub/SpookyGame/Content/FirstPerson/Input/Actions/IA_Move.uexp" 534
"C:/Users/ldoyle/Documents/GitHub/SpookyGame/Content/FirstPerson/Input/Actions/IA_Interact.uasset" 535
"C:/Users/ldoyle/Documents/GitHub/SpookyGame/Content/FirstPerson/Input/Actions/IA_Interact.uexp" 536
"C:/Users/ldoyle/Documents/GitHub/SpookyGame/Content/FirstPerson/Input/Actions/IA_Jump.uasset" 537
"C:/Users/ldoyle/Documents/GitHub/SpookyGame/Content/FirstPerson/Input/Actions/IA_Jump.uexp" 538
"C:/Users/ldoyle/Documents/GitHub/SpookyGame/Content/FirstPerson/Input/IMC_Default.uasset" 539
"C:/Users/ldoyle/Documents/GitHub/SpookyGame/Content/FirstPerson/Input/IMC_Default.uexp" 540
"../../../Engine/Content/EditorBlueprintResources/StandardMacros.uasset" 541
"../../../Engine/Content/EditorBlueprintResources/StandardMacros.uexp" 542
"C:/Users/ldoyle/Documents/GitHub/SpookyGame/Content/SimpleFantasy/Models/Characters/SK_Character_Bard_PhysicsAsset.uasset" 543
"C:/Users/ldoyle/Documents/GitHub/SpookyGame/Content/SimpleFantasy/Models/Characters/SK_Character_Bard_PhysicsAsset.uexp" 544
"C:/Users/ldoyle/Documents/GitHub/SpookyGame/Content/SimpleFantasy/Textures/Character_Wizard_White.ubulk" 545
"C:/Users/ldoyle/Documents/GitHub/SpookyGame/Content/SimpleFantasy/Textures/Character_Wizard_White.uasset" 546
"C:/Users/ldoyle/Documents/GitHub/SpookyGame/Content/SimpleFantasy/Textures/Character_Wizard_White.uexp" 547
"C:/Users/ldoyle/Documents/GitHub/SpookyGame/Content/SimpleFantasy/Material/M_Character_Wizard_White.uasset" 548
"C:/Users/ldoyle/Documents/GitHub/SpookyGame/Content/SimpleFantasy/Material/M_Character_Wizard_White.uexp" 549
"C:/Users/ldoyle/Documents/GitHub/SpookyGame/Content/SimpleFantasy/Models/Characters/SK_Character_Wizard.uasset" 550
"C:/Users/ldoyle/Documents/GitHub/SpookyGame/Content/SimpleFantasy/Models/Characters/SK_Character_Wizard.uexp" 551
"C:/Users/ldoyle/Documents/GitHub/SpookyGame/Content/MainGame/Blueprints/Wizard/BP_Wizard_NoFire.uasset" 552
"C:/Users/ldoyle/Documents/GitHub/SpookyGame/Content/MainGame/Blueprints/Wizard/BP_Wizard_NoFire.uexp" 553
"C:/Users/ldoyle/Documents/GitHub/SpookyGame/Content/MainGame/Blueprints/Gamemodes/BP_LightGameMode.uasset" 554
"C:/Users/ldoyle/Documents/GitHub/SpookyGame/Content/MainGame/Blueprints/Gamemodes/BP_LightGameMode.uexp" 555
"../../../Engine/Content/EngineSky/VolumetricClouds/CloudWeatherTexture.uasset" 556
"../../../Engine/Content/EngineSky/VolumetricClouds/CloudWeatherTexture.uexp" 557
"../../../Engine/Content/Functions/Engine_MaterialFunctions02/Utility/MakeFloat2.uasset" 558
"../../../Engine/Content/Functions/Engine_MaterialFunctions02/Utility/MakeFloat2.uexp" 559
"../../../Engine/Content/EngineSky/VolumetricClouds/CloudGradientTexture.uasset" 560
"../../../Engine/Content/EngineSky/VolumetricClouds/CloudGradientTexture.uexp" 561
"../../../Engine/Content/EngineSky/VolumetricClouds/T_NoiseShape64.ubulk" 562
"../../../Engine/Content/EngineSky/VolumetricClouds/T_NoiseShape64.uasset" 563
"../../../Engine/Content/EngineSky/VolumetricClouds/T_NoiseShape64.uexp" 564
"../../../Engine/Content/EngineSky/VolumetricClouds/T_VolumeNoiseShape64.uasset" 565
"../../../Engine/Content/EngineSky/VolumetricClouds/T_VolumeNoiseShape64.uexp" 566
"../../../Engine/Content/EngineSky/VolumetricClouds/T_NoiseErosion.ubulk" 567
"../../../Engine/Content/EngineSky/VolumetricClouds/T_NoiseErosion.uasset" 568
"../../../Engine/Content/EngineSky/VolumetricClouds/T_NoiseErosion.uexp" 569
"../../../Engine/Content/EngineSky/VolumetricClouds/T_VolumeNoiseErosion32.uasset" 570
"../../../Engine/Content/EngineSky/VolumetricClouds/T_VolumeNoiseErosion32.uexp" 571
"../../../Engine/Content/EngineSky/VolumetricClouds/m_SimpleVolumetricCloud.uasset" 572
"../../../Engine/Content/EngineSky/VolumetricClouds/m_SimpleVolumetricCloud.uexp" 573
"../../../Engine/Content/EngineSky/VolumetricClouds/m_SimpleVolumetricCloud_Inst.uasset" 574
"../../../Engine/Content/EngineSky/VolumetricClouds/m_SimpleVolumetricCloud_Inst.uexp" 575
"../../../Engine/Content/EngineResources/FilmGrains/Marcie_Grain_v3_128_M2_000.uasset" 576
"../../../Engine/Content/EngineResources/FilmGrains/Marcie_Grain_v3_128_M2_000.uexp" 577
"../../../Engine/Content/EditorResources/SequenceRecorder/RecordingIndicator.uasset" 578
"../../../Engine/Content/EditorResources/SequenceRecorder/RecordingIndicator.uexp" 579
"../../../Engine/Content/EditorResources/SequenceRecorder/Countdown.uasset" 580
"../../../Engine/Content/EditorResources/SequenceRecorder/Countdown.uexp" 581
"../../../Engine/Content/EditorResources/LightIcons/S_LightError.uasset" 582
"../../../Engine/Content/EditorResources/LightIcons/S_LightError.uexp" 583
"../../../Engine/Content/EditorResources/AudioIcons/S_AudioComponent_AutoActivate.uasset" 584
"../../../Engine/Content/EditorResources/AudioIcons/S_AudioComponent_AutoActivate.uexp" 585
"../../../Engine/Content/Functions/Engine_MaterialFunctions01/Shading/PowerToRoughness.uasset" 586
"../../../Engine/Content/Functions/Engine_MaterialFunctions01/Shading/PowerToRoughness.uexp" 587
"../../../Engine/Content/Functions/Engine_MaterialFunctions01/Shading/ConvertFromDiffSpec.uasset" 588
"../../../Engine/Content/Functions/Engine_MaterialFunctions01/Shading/ConvertFromDiffSpec.uexp" 589
"C:/Users/ldoyle/Documents/GitHub/SpookyGame/Content/Characters/Mannequins/Rigs/IK_Mannequin.uasset" 590
"C:/Users/ldoyle/Documents/GitHub/SpookyGame/Content/Characters/Mannequins/Rigs/IK_Mannequin.uexp" 591
"C:/Users/ldoyle/Documents/GitHub/SpookyGame/Content/MainGame/Blueprints/AI/Animations/IK_Enemy.uasset" 592
"C:/Users/ldoyle/Documents/GitHub/SpookyGame/Content/MainGame/Blueprints/AI/Animations/IK_Enemy.uexp" 593
"C:/Users/ldoyle/Documents/GitHub/SpookyGame/Content/MainGame/UI/UI_Win.uasset" 594
"C:/Users/ldoyle/Documents/GitHub/SpookyGame/Content/MainGame/UI/UI_Win.uexp" 595
"C:/Users/ldoyle/Documents/GitHub/SpookyGame/Content/MainGame/GameWin.uexp" 596
"C:/Users/ldoyle/Documents/GitHub/SpookyGame/Content/MainGame/GameWin.umap" 597
"C:/Users/ldoyle/Documents/GitHub/SpookyGame/Content/MainGame/UI/UI_Lose.uasset" 598
"C:/Users/ldoyle/Documents/GitHub/SpookyGame/Content/MainGame/UI/UI_Lose.uexp" 599
"C:/Users/ldoyle/Documents/GitHub/SpookyGame/Content/MainGame/GameOver.uexp" 600
"C:/Users/ldoyle/Documents/GitHub/SpookyGame/Content/MainGame/GameOver.umap" 601
"C:/Users/ldoyle/Documents/GitHub/SpookyGame/Content/MainGame/UI/UI_LoadingSceen.uasset" 602
"C:/Users/ldoyle/Documents/GitHub/SpookyGame/Content/MainGame/UI/UI_LoadingSceen.uexp" 603
"C:/Users/ldoyle/Documents/GitHub/SpookyGame/Content/MainGame/Fonts/IMMORTAL.uexp" 604
"C:/Users/ldoyle/Documents/GitHub/SpookyGame/Content/MainGame/Fonts/IMMORTAL.uasset" 605
"C:/Users/ldoyle/Documents/GitHub/SpookyGame/Content/MainGame/Fonts/IMMORTAL.ufont" 606
"C:/Users/ldoyle/Documents/GitHub/SpookyGame/Content/MainGame/Fonts/IMMORTAL_Font.uasset" 607
"C:/Users/ldoyle/Documents/GitHub/SpookyGame/Content/MainGame/Fonts/IMMORTAL_Font.uexp" 608
"C:/Users/ldoyle/Documents/GitHub/SpookyGame/Content/MainGame/Materials/ponder.uasset" 609
"C:/Users/ldoyle/Documents/GitHub/SpookyGame/Content/MainGame/Materials/ponder.uexp" 610
"C:/Users/ldoyle/Documents/GitHub/SpookyGame/Content/MainGame/UI/UI_MainMenu.uasset" 611
"C:/Users/ldoyle/Documents/GitHub/SpookyGame/Content/MainGame/UI/UI_MainMenu.uexp" 612
"C:/Users/ldoyle/Documents/GitHub/SpookyGame/Content/MainGame/MainMenu.uexp" 613
"C:/Users/ldoyle/Documents/GitHub/SpookyGame/Content/MainGame/MainMenu.umap" 614
"../../../Engine/Content/MapTemplates/Sky/T_Sky_Stars.ubulk" 615
"../../../Engine/Content/MapTemplates/Sky/T_Sky_Stars.uasset" 616
"../../../Engine/Content/MapTemplates/Sky/T_Sky_Stars.uexp" 617
"../../../Engine/Content/MapTemplates/Sky/T_UDK_Sky_CloudMask01_N.ubulk" 618
"../../../Engine/Content/MapTemplates/Sky/T_UDK_Sky_CloudMask01_N.uasset" 619
"../../../Engine/Content/MapTemplates/Sky/T_UDK_Sky_CloudMask01_N.uexp" 620
"../../../Engine/Content/MapTemplates/T_UDK_Sky_CloudMask03.ubulk" 621
"../../../Engine/Content/MapTemplates/T_UDK_Sky_CloudMask03.uasset" 622
"../../../Engine/Content/MapTemplates/T_UDK_Sky_CloudMask03.uexp" 623
"../../../Engine/Content/MapTemplates/Sky/M_Procedural_Sky_MASTER02.uasset" 624
"../../../Engine/Content/MapTemplates/Sky/M_Procedural_Sky_MASTER02.uexp" 625
"../../../Engine/Content/MapTemplates/Sky/SM_SkySphere.ubulk" 626
"../../../Engine/Content/MapTemplates/Sky/SM_SkySphere.uasset" 627
"../../../Engine/Content/MapTemplates/Sky/SM_SkySphere.uexp" 628
"C:/Users/ldoyle/Documents/GitHub/SpookyGame/Content/MainGame/Audio/nimue-the-lady-of-the-lake-medieval-love-ballad-5638.ubulk" 629
"C:/Users/ldoyle/Documents/GitHub/SpookyGame/Content/MainGame/Audio/nimue-the-lady-of-the-lake-medieval-love-ballad-5638.uasset" 630
"C:/Users/ldoyle/Documents/GitHub/SpookyGame/Content/MainGame/Audio/nimue-the-lady-of-the-lake-medieval-love-ballad-5638.uexp" 631
"C:/Users/ldoyle/Documents/GitHub/SpookyGame/Content/MainGame/Audio/DayMusic.uasset" 632
"C:/Users/ldoyle/Documents/GitHub/SpookyGame/Content/MainGame/Audio/DayMusic.uexp" 633
"C:/Users/ldoyle/Documents/GitHub/SpookyGame/Content/SimpleFantasy/Textures/Medieval_Texture.ubulk" 634
"C:/Users/ldoyle/Documents/GitHub/SpookyGame/Content/SimpleFantasy/Textures/Medieval_Texture.uasset" 635
"C:/Users/ldoyle/Documents/GitHub/SpookyGame/Content/SimpleFantasy/Textures/Medieval_Texture.uexp" 636
"C:/Users/ldoyle/Documents/GitHub/SpookyGame/Content/SimpleFantasy/Material/M_Medieval.uasset" 637
"C:/Users/ldoyle/Documents/GitHub/SpookyGame/Content/SimpleFantasy/Material/M_Medieval.uexp" 638
"C:/Users/ldoyle/Documents/GitHub/SpookyGame/Content/SimpleFantasy/Models/Environment/SF_Env_Preset_Human_Castle_02.ubulk" 639
"C:/Users/ldoyle/Documents/GitHub/SpookyGame/Content/SimpleFantasy/Models/Environment/SF_Env_Preset_Human_Castle_02.uasset" 640
"C:/Users/ldoyle/Documents/GitHub/SpookyGame/Content/SimpleFantasy/Models/Environment/SF_Env_Preset_Human_Castle_02.uexp" 641
"C:/Users/ldoyle/Documents/GitHub/SpookyGame/Content/MainGame/UI/UI_Text.uasset" 642
"C:/Users/ldoyle/Documents/GitHub/SpookyGame/Content/MainGame/UI/UI_Text.uexp" 643
"C:/Users/ldoyle/Documents/GitHub/SpookyGame/Content/MainGame/MainGameLevel.uexp" 644
"C:/Users/ldoyle/Documents/GitHub/SpookyGame/Content/MainGame/MainGameLevel.umap" 645
"../../../Engine/Content/EngineSky/C_Sky_Horizon_Color.uasset" 646
"../../../Engine/Content/EngineSky/C_Sky_Horizon_Color.uexp" 647
"../../../Engine/Content/EngineSky/T_Sky_Stars.ubulk" 648
"../../../Engine/Content/EngineSky/T_Sky_Stars.uasset" 649
"../../../Engine/Content/EngineSky/T_Sky_Stars.uexp" 650
"../../../Engine/Content/EngineSky/T_Sky_Clouds_M.ubulk" 651
"../../../Engine/Content/EngineSky/T_Sky_Clouds_M.uasset" 652
"../../../Engine/Content/EngineSky/T_Sky_Clouds_M.uexp" 653
"../../../Engine/Content/EngineSky/T_Sky_Blue.ubulk" 654
"../../../Engine/Content/EngineSky/T_Sky_Blue.uasset" 655
"../../../Engine/Content/EngineSky/T_Sky_Blue.uexp" 656
"../../../Engine/Content/EngineSky/M_Sky_Panning_Clouds2.uasset" 657
"../../../Engine/Content/EngineSky/M_Sky_Panning_Clouds2.uexp" 658
"../../../Engine/Content/EngineSky/SM_SkySphere.ubulk" 659
"../../../Engine/Content/EngineSky/SM_SkySphere.uasset" 660
"../../../Engine/Content/EngineSky/SM_SkySphere.uexp" 661
"../../../Engine/Content/EngineSky/C_Sky_Cloud_Color.uasset" 662
"../../../Engine/Content/EngineSky/C_Sky_Cloud_Color.uexp" 663
"../../../Engine/Content/EngineSky/C_Sky_Zenith_Color.uasset" 664
"../../../Engine/Content/EngineSky/C_Sky_Zenith_Color.uexp" 665
"../../../Engine/Content/EngineSky/BP_Sky_Sphere.uasset" 666
"../../../Engine/Content/EngineSky/BP_Sky_Sphere.uexp" 667
"../../../Engine/Content/BasicShapes/Cylinder.ubulk" 668
"../../../Engine/Content/BasicShapes/Cylinder.uasset" 669
"../../../Engine/Content/BasicShapes/Cylinder.uexp" 670
"C:/Users/ldoyle/Documents/GitHub/SpookyGame/Content/MainGame/Materials/Marker.uasset" 671
"C:/Users/ldoyle/Documents/GitHub/SpookyGame/Content/MainGame/Materials/Marker.uexp" 672
"C:/Users/ldoyle/Documents/GitHub/SpookyGame/Content/Spooky/Fire/Fire_Mat.uasset" 673
"C:/Users/ldoyle/Documents/GitHub/SpookyGame/Content/Spooky/Fire/Fire_Mat.uexp" 674
"C:/Users/ldoyle/Documents/GitHub/SpookyGame/Content/Spooky/Fire/Fire_Mat_Inst.uasset" 675
"C:/Users/ldoyle/Documents/GitHub/SpookyGame/Content/Spooky/Fire/Fire_Mat_Inst.uexp" 676
"C:/Users/ldoyle/Documents/GitHub/SpookyGame/Content/Spooky/Fire/Fire.uasset" 677
"C:/Users/ldoyle/Documents/GitHub/SpookyGame/Content/Spooky/Fire/Fire.uexp" 678
"C:/Users/ldoyle/Documents/GitHub/SpookyGame/Content/SimpleFantasy/Textures/Knight_Dark.ubulk" 679
"C:/Users/ldoyle/Documents/GitHub/SpookyGame/Content/SimpleFantasy/Textures/Knight_Dark.uasset" 680
"C:/Users/ldoyle/Documents/GitHub/SpookyGame/Content/SimpleFantasy/Textures/Knight_Dark.uexp" 681
"C:/Users/ldoyle/Documents/GitHub/SpookyGame/Content/SimpleFantasy/Material/M_Knight_Dark.uasset" 682
"C:/Users/ldoyle/Documents/GitHub/SpookyGame/Content/SimpleFantasy/Material/M_Knight_Dark.uexp" 683
"C:/Users/ldoyle/Documents/GitHub/SpookyGame/Content/SimpleFantasy/Models/Characters/SK_Character_Knight_Dark.uasset" 684
"C:/Users/ldoyle/Documents/GitHub/SpookyGame/Content/SimpleFantasy/Models/Characters/SK_Character_Knight_Dark.uexp" 685
"C:/Users/ldoyle/Documents/GitHub/SpookyGame/Content/Characters/Mannequins/Meshes/SK_Mannequin.uasset" 686
"C:/Users/ldoyle/Documents/GitHub/SpookyGame/Content/Characters/Mannequins/Meshes/SK_Mannequin.uexp" 687
"C:/Users/ldoyle/Documents/GitHub/SpookyGame/Content/Characters/Mannequins/Rigs/Poses/Manny/Manny_foot_l_anim.uasset" 688
"C:/Users/ldoyle/Documents/GitHub/SpookyGame/Content/Characters/Mannequins/Rigs/Poses/Manny/Manny_foot_l_anim.uexp" 689
"C:/Users/ldoyle/Documents/GitHub/SpookyGame/Content/Characters/Mannequins/Rigs/Poses/Manny/Manny_foot_l_pose.uasset" 690
"C:/Users/ldoyle/Documents/GitHub/SpookyGame/Content/Characters/Mannequins/Rigs/Poses/Manny/Manny_foot_l_pose.uexp" 691
"C:/Users/ldoyle/Documents/GitHub/SpookyGame/Content/Characters/Mannequins/Rigs/Poses/Manny/Manny_thigh_r_anim.uasset" 692
"C:/Users/ldoyle/Documents/GitHub/SpookyGame/Content/Characters/Mannequins/Rigs/Poses/Manny/Manny_thigh_r_anim.uexp" 693
"C:/Users/ldoyle/Documents/GitHub/SpookyGame/Content/Characters/Mannequins/Rigs/Poses/Manny/Manny_thigh_r_pose.uasset" 694
"C:/Users/ldoyle/Documents/GitHub/SpookyGame/Content/Characters/Mannequins/Rigs/Poses/Manny/Manny_thigh_r_pose.uexp" 695
"C:/Users/ldoyle/Documents/GitHub/SpookyGame/Content/Characters/Mannequins/Rigs/Poses/Manny/Manny_hand_r_anim.uasset" 696
"C:/Users/ldoyle/Documents/GitHub/SpookyGame/Content/Characters/Mannequins/Rigs/Poses/Manny/Manny_hand_r_anim.uexp" 697
"C:/Users/ldoyle/Documents/GitHub/SpookyGame/Content/Characters/Mannequins/Rigs/Poses/Manny/Manny_hand_r_pose.uasset" 698
"C:/Users/ldoyle/Documents/GitHub/SpookyGame/Content/Characters/Mannequins/Rigs/Poses/Manny/Manny_hand_r_pose.uexp" 699
"C:/Users/ldoyle/Documents/GitHub/SpookyGame/Content/Characters/Mannequins/Rigs/Poses/Manny/Manny_clavicle_l_anim.uasset" 700
"C:/Users/ldoyle/Documents/GitHub/SpookyGame/Content/Characters/Mannequins/Rigs/Poses/Manny/Manny_clavicle_l_anim.uexp" 701
"C:/Users/ldoyle/Documents/GitHub/SpookyGame/Content/Characters/Mannequins/Rigs/Poses/Manny/Manny_clavicle_l_pose.uasset" 702
"C:/Users/ldoyle/Documents/GitHub/SpookyGame/Content/Characters/Mannequins/Rigs/Poses/Manny/Manny_clavicle_l_pose.uexp" 703
"C:/Users/ldoyle/Documents/GitHub/SpookyGame/Content/Characters/Mannequins/Rigs/Poses/Manny/Manny_calf_l_anim.uasset" 704
"C:/Users/ldoyle/Documents/GitHub/SpookyGame/Content/Characters/Mannequins/Rigs/Poses/Manny/Manny_calf_l_anim.uexp" 705
"C:/Users/ldoyle/Documents/GitHub/SpookyGame/Content/Characters/Mannequins/Rigs/Poses/Manny/Manny_calf_l_pose.uasset" 706
"C:/Users/ldoyle/Documents/GitHub/SpookyGame/Content/Characters/Mannequins/Rigs/Poses/Manny/Manny_calf_l_pose.uexp" 707
"C:/Users/ldoyle/Documents/GitHub/SpookyGame/Content/Characters/Mannequins/Rigs/Poses/Manny/Manny_hand_l_anim.uasset" 708
"C:/Users/ldoyle/Documents/GitHub/SpookyGame/Content/Characters/Mannequins/Rigs/Poses/Manny/Manny_hand_l_anim.uexp" 709
"C:/Users/ldoyle/Documents/GitHub/SpookyGame/Content/Characters/Mannequins/Rigs/Poses/Manny/Manny_hand_l_pose.uasset" 710
"C:/Users/ldoyle/Documents/GitHub/SpookyGame/Content/Characters/Mannequins/Rigs/Poses/Manny/Manny_hand_l_pose.uexp" 711
"../../../Engine/Plugins/Animation/ControlRig/Content/Controls/DefaultGizmoLibrary.uasset" 712
"../../../Engine/Plugins/Animation/ControlRig/Content/Controls/DefaultGizmoLibrary.uexp" 713
"C:/Users/ldoyle/Documents/GitHub/SpookyGame/Content/Characters/Mannequins/Rigs/CR_Mannequin_Procedural.uasset" 714
"C:/Users/ldoyle/Documents/GitHub/SpookyGame/Content/Characters/Mannequins/Rigs/CR_Mannequin_Procedural.uexp" 715
"C:/Users/ldoyle/Documents/GitHub/SpookyGame/Content/Characters/Mannequins/Rigs/Poses/Manny/Manny_upperarm_r_anim.uasset" 716
"C:/Users/ldoyle/Documents/GitHub/SpookyGame/Content/Characters/Mannequins/Rigs/Poses/Manny/Manny_upperarm_r_anim.uexp" 717
"C:/Users/ldoyle/Documents/GitHub/SpookyGame/Content/Characters/Mannequins/Rigs/Poses/Manny/Manny_upperarm_r_pose.uasset" 718
"C:/Users/ldoyle/Documents/GitHub/SpookyGame/Content/Characters/Mannequins/Rigs/Poses/Manny/Manny_upperarm_r_pose.uexp" 719
"C:/Users/ldoyle/Documents/GitHub/SpookyGame/Content/Characters/Mannequins/Rigs/Poses/Manny/Manny_lowerarm_r_anim.uasset" 720
"C:/Users/ldoyle/Documents/GitHub/SpookyGame/Content/Characters/Mannequins/Rigs/Poses/Manny/Manny_lowerarm_r_anim.uexp" 721
"C:/Users/ldoyle/Documents/GitHub/SpookyGame/Content/Characters/Mannequins/Rigs/Poses/Manny/Manny_lowerarm_r_pose.uasset" 722
"C:/Users/ldoyle/Documents/GitHub/SpookyGame/Content/Characters/Mannequins/Rigs/Poses/Manny/Manny_lowerarm_r_pose.uexp" 723
"C:/Users/ldoyle/Documents/GitHub/SpookyGame/Content/Characters/Mannequins/Rigs/Poses/Manny/Manny_calf_r_anim.uasset" 724
"C:/Users/ldoyle/Documents/GitHub/SpookyGame/Content/Characters/Mannequins/Rigs/Poses/Manny/Manny_calf_r_anim.uexp" 725
"C:/Users/ldoyle/Documents/GitHub/SpookyGame/Content/Characters/Mannequins/Rigs/Poses/Manny/Manny_calf_r_pose.uasset" 726
"C:/Users/ldoyle/Documents/GitHub/SpookyGame/Content/Characters/Mannequins/Rigs/Poses/Manny/Manny_calf_r_pose.uexp" 727
"C:/Users/ldoyle/Documents/GitHub/SpookyGame/Content/Characters/Mannequins/Rigs/Poses/Manny/Manny_foot_r_anim.uasset" 728
"C:/Users/ldoyle/Documents/GitHub/SpookyGame/Content/Characters/Mannequins/Rigs/Poses/Manny/Manny_foot_r_anim.uexp" 729
"C:/Users/ldoyle/Documents/GitHub/SpookyGame/Content/Characters/Mannequins/Rigs/Poses/Manny/Manny_foot_r_pose.uasset" 730
"C:/Users/ldoyle/Documents/GitHub/SpookyGame/Content/Characters/Mannequins/Rigs/Poses/Manny/Manny_foot_r_pose.uexp" 731
"C:/Users/ldoyle/Documents/GitHub/SpookyGame/Content/Characters/Mannequins/Rigs/Poses/Manny/Manny_lowerarm_l_anim.uasset" 732
"C:/Users/ldoyle/Documents/GitHub/SpookyGame/Content/Characters/Mannequins/Rigs/Poses/Manny/Manny_lowerarm_l_anim.uexp" 733
"C:/Users/ldoyle/Documents/GitHub/SpookyGame/Content/Characters/Mannequins/Rigs/Poses/Manny/Manny_lowerarm_l_pose.uasset" 734
"C:/Users/ldoyle/Documents/GitHub/SpookyGame/Content/Characters/Mannequins/Rigs/Poses/Manny/Manny_lowerarm_l_pose.uexp" 735
"C:/Users/ldoyle/Documents/GitHub/SpookyGame/Content/Characters/Mannequins/Rigs/Poses/Manny/Manny_clavicle_r_anim.uasset" 736
"C:/Users/ldoyle/Documents/GitHub/SpookyGame/Content/Characters/Mannequins/Rigs/Poses/Manny/Manny_clavicle_r_anim.uexp" 737
"C:/Users/ldoyle/Documents/GitHub/SpookyGame/Content/Characters/Mannequins/Rigs/Poses/Manny/Manny_clavicle_r_pose.uasset" 738
"C:/Users/ldoyle/Documents/GitHub/SpookyGame/Content/Characters/Mannequins/Rigs/Poses/Manny/Manny_clavicle_r_pose.uexp" 739
"C:/Users/ldoyle/Documents/GitHub/SpookyGame/Content/Characters/Mannequins/Rigs/Poses/Manny/Manny_thigh_l_anim.uasset" 740
"C:/Users/ldoyle/Documents/GitHub/SpookyGame/Content/Characters/Mannequins/Rigs/Poses/Manny/Manny_thigh_l_anim.uexp" 741
"C:/Users/ldoyle/Documents/GitHub/SpookyGame/Content/Characters/Mannequins/Rigs/Poses/Manny/Manny_thigh_l_pose.uasset" 742
"C:/Users/ldoyle/Documents/GitHub/SpookyGame/Content/Characters/Mannequins/Rigs/Poses/Manny/Manny_thigh_l_pose.uexp" 743
"C:/Users/ldoyle/Documents/GitHub/SpookyGame/Content/Characters/Mannequins/Rigs/Poses/Manny/Manny_upperarm_l_anim.uasset" 744
"C:/Users/ldoyle/Documents/GitHub/SpookyGame/Content/Characters/Mannequins/Rigs/Poses/Manny/Manny_upperarm_l_anim.uexp" 745
"C:/Users/ldoyle/Documents/GitHub/SpookyGame/Content/Characters/Mannequins/Rigs/Poses/Manny/Manny_upperarm_l_pose.uasset" 746
"C:/Users/ldoyle/Documents/GitHub/SpookyGame/Content/Characters/Mannequins/Rigs/Poses/Manny/Manny_upperarm_l_pose.uexp" 747
"C:/Users/ldoyle/Documents/GitHub/SpookyGame/Content/Characters/Mannequins/Rigs/ABP_Manny_PostProcess.uasset" 748
"C:/Users/ldoyle/Documents/GitHub/SpookyGame/Content/Characters/Mannequins/Rigs/ABP_Manny_PostProcess.uexp" 749
"C:/Users/ldoyle/Documents/GitHub/SpookyGame/Content/Characters/Mannequins/Textures/Manny/T_Manny_02_MSR_MSK.ubulk" 750
"C:/Users/ldoyle/Documents/GitHub/SpookyGame/Content/Characters/Mannequins/Textures/Manny/T_Manny_02_MSR_MSK.uasset" 751
"C:/Users/ldoyle/Documents/GitHub/SpookyGame/Content/Characters/Mannequins/Textures/Manny/T_Manny_02_MSR_MSK.uexp" 752
"C:/Users/ldoyle/Documents/GitHub/SpookyGame/Content/Characters/Mannequins/Textures/Manny/T_Manny_02_CCRCCPlastic_MSK.ubulk" 753
"C:/Users/ldoyle/Documents/GitHub/SpookyGame/Content/Characters/Mannequins/Textures/Manny/T_Manny_02_CCRCCPlastic_MSK.uasset" 754
"C:/Users/ldoyle/Documents/GitHub/SpookyGame/Content/Characters/Mannequins/Textures/Manny/T_Manny_02_CCRCCPlastic_MSK.uexp" 755
"C:/Users/ldoyle/Documents/GitHub/SpookyGame/Content/Characters/Mannequins/Textures/Manny/T_Manny_02_Tan.ubulk" 756
"C:/Users/ldoyle/Documents/GitHub/SpookyGame/Content/Characters/Mannequins/Textures/Manny/T_Manny_02_Tan.uasset" 757
"C:/Users/ldoyle/Documents/GitHub/SpookyGame/Content/Characters/Mannequins/Textures/Manny/T_Manny_02_Tan.uexp" 758
"C:/Users/ldoyle/Documents/GitHub/SpookyGame/Content/Characters/Mannequins/Textures/Manny/T_Manny_02_N.ubulk" 759
"C:/Users/ldoyle/Documents/GitHub/SpookyGame/Content/Characters/Mannequins/Textures/Manny/T_Manny_02_N.uasset" 760
"C:/Users/ldoyle/Documents/GitHub/SpookyGame/Content/Characters/Mannequins/Textures/Manny/T_Manny_02_N.uexp" 761
"C:/Users/ldoyle/Documents/GitHub/SpookyGame/Content/Characters/Mannequins/Textures/Manny/T_Manny_01_N.ubulk" 762
"C:/Users/ldoyle/Documents/GitHub/SpookyGame/Content/Characters/Mannequins/Textures/Manny/T_Manny_01_N.uasset" 763
"C:/Users/ldoyle/Documents/GitHub/SpookyGame/Content/Characters/Mannequins/Textures/Manny/T_Manny_01_N.uexp" 764
"C:/Users/ldoyle/Documents/GitHub/SpookyGame/Content/Characters/Mannequins/Materials/Functions/ChromaticCurve.uasset" 765
"C:/Users/ldoyle/Documents/GitHub/SpookyGame/Content/Characters/Mannequins/Materials/Functions/ChromaticCurve.uexp" 766
"C:/Users/ldoyle/Documents/GitHub/SpookyGame/Content/Characters/Mannequins/Materials/Functions/CA_Mannequin.uasset" 767
"C:/Users/ldoyle/Documents/GitHub/SpookyGame/Content/Characters/Mannequins/Materials/Functions/CA_Mannequin.uexp" 768
"C:/Users/ldoyle/Documents/GitHub/SpookyGame/Content/Characters/Mannequins/Materials/Functions/MF_Diffraction.uasset" 769
"C:/Users/ldoyle/Documents/GitHub/SpookyGame/Content/Characters/Mannequins/Materials/Functions/MF_Diffraction.uexp" 770
"C:/Users/ldoyle/Documents/GitHub/SpookyGame/Content/Characters/Mannequins/Materials/Functions/ML_BaseColorFallOff.uasset" 771
"C:/Users/ldoyle/Documents/GitHub/SpookyGame/Content/Characters/Mannequins/Materials/Functions/ML_BaseColorFallOff.uexp" 772
"../../../Engine/Content/Functions/Engine_MaterialFunctions01/Texturing/ScaleUVsByCenter.uasset" 773
"../../../Engine/Content/Functions/Engine_MaterialFunctions01/Texturing/ScaleUVsByCenter.uexp" 774
"C:/Users/ldoyle/Documents/GitHub/SpookyGame/Content/Characters/Mannequins/Textures/Shared/T_UE_Logo_M.uasset" 775
"C:/Users/ldoyle/Documents/GitHub/SpookyGame/Content/Characters/Mannequins/Textures/Shared/T_UE_Logo_M.uexp" 776
"C:/Users/ldoyle/Documents/GitHub/SpookyGame/Content/Characters/Mannequins/Materials/Functions/MF_logo3layers.uasset" 777
"C:/Users/ldoyle/Documents/GitHub/SpookyGame/Content/Characters/Mannequins/Materials/Functions/MF_logo3layers.uexp" 778
"C:/Users/ldoyle/Documents/GitHub/SpookyGame/Content/Characters/Mannequins/Textures/Manny/T_Manny_01_CCRCCPlastic_MSK.ubulk" 779
"C:/Users/ldoyle/Documents/GitHub/SpookyGame/Content/Characters/Mannequins/Textures/Manny/T_Manny_01_CCRCCPlastic_MSK.uasset" 780
"C:/Users/ldoyle/Documents/GitHub/SpookyGame/Content/Characters/Mannequins/Textures/Manny/T_Manny_01_CCRCCPlastic_MSK.uexp" 781
"C:/Users/ldoyle/Documents/GitHub/SpookyGame/Content/Characters/Mannequins/Textures/Manny/T_Manny_01_ASAOPMASK_MSK.ubulk" 782
"C:/Users/ldoyle/Documents/GitHub/SpookyGame/Content/Characters/Mannequins/Textures/Manny/T_Manny_01_ASAOPMASK_MSK.uasset" 783
"C:/Users/ldoyle/Documents/GitHub/SpookyGame/Content/Characters/Mannequins/Textures/Manny/T_Manny_01_ASAOPMASK_MSK.uexp" 784
"C:/Users/ldoyle/Documents/GitHub/SpookyGame/Content/Characters/Mannequins/Textures/Manny/T_Manny_01_MSR_MSK.ubulk" 785
"C:/Users/ldoyle/Documents/GitHub/SpookyGame/Content/Characters/Mannequins/Textures/Manny/T_Manny_01_MSR_MSK.uasset" 786
"C:/Users/ldoyle/Documents/GitHub/SpookyGame/Content/Characters/Mannequins/Textures/Manny/T_Manny_01_MSR_MSK.uexp" 787
"C:/Users/ldoyle/Documents/GitHub/SpookyGame/Content/Characters/Mannequins/Textures/Manny/T_Manny_01_BN.ubulk" 788
"C:/Users/ldoyle/Documents/GitHub/SpookyGame/Content/Characters/Mannequins/Textures/Manny/T_Manny_01_BN.uasset" 789
"C:/Users/ldoyle/Documents/GitHub/SpookyGame/Content/Characters/Mannequins/Textures/Manny/T_Manny_01_BN.uexp" 790
"C:/Users/ldoyle/Documents/GitHub/SpookyGame/Content/Characters/Mannequins/Textures/Manny/T_Manny_01_D.ubulk" 791
"C:/Users/ldoyle/Documents/GitHub/SpookyGame/Content/Characters/Mannequins/Textures/Manny/T_Manny_01_D.uasset" 792
"C:/Users/ldoyle/Documents/GitHub/SpookyGame/Content/Characters/Mannequins/Textures/Manny/T_Manny_01_D.uexp" 793
"C:/Users/ldoyle/Documents/GitHub/SpookyGame/Content/Characters/Mannequins/Textures/Manny/T_Manny_01_Tan.ubulk" 794
"C:/Users/ldoyle/Documents/GitHub/SpookyGame/Content/Characters/Mannequins/Textures/Manny/T_Manny_01_Tan.uasset" 795
"C:/Users/ldoyle/Documents/GitHub/SpookyGame/Content/Characters/Mannequins/Textures/Manny/T_Manny_01_Tan.uexp" 796
"C:/Users/ldoyle/Documents/GitHub/SpookyGame/Content/Characters/Mannequins/Materials/M_Mannequin.uasset" 797
"C:/Users/ldoyle/Documents/GitHub/SpookyGame/Content/Characters/Mannequins/Materials/M_Mannequin.uexp" 798
"C:/Users/ldoyle/Documents/GitHub/SpookyGame/Content/Characters/Mannequins/Materials/Instances/Manny/MI_Manny_01.uasset" 799
"C:/Users/ldoyle/Documents/GitHub/SpookyGame/Content/Characters/Mannequins/Materials/Instances/Manny/MI_Manny_01.uexp" 800
"C:/Users/ldoyle/Documents/GitHub/SpookyGame/Content/Characters/Mannequins/Textures/Manny/T_Manny_02_BN.ubulk" 801
"C:/Users/ldoyle/Documents/GitHub/SpookyGame/Content/Characters/Mannequins/Textures/Manny/T_Manny_02_BN.uasset" 802
"C:/Users/ldoyle/Documents/GitHub/SpookyGame/Content/Characters/Mannequins/Textures/Manny/T_Manny_02_BN.uexp" 803
"C:/Users/ldoyle/Documents/GitHub/SpookyGame/Content/Characters/Mannequins/Textures/Manny/T_Manny_02_ASAOPMASK_MSK.ubulk" 804
"C:/Users/ldoyle/Documents/GitHub/SpookyGame/Content/Characters/Mannequins/Textures/Manny/T_Manny_02_ASAOPMASK_MSK.uasset" 805
"C:/Users/ldoyle/Documents/GitHub/SpookyGame/Content/Characters/Mannequins/Textures/Manny/T_Manny_02_ASAOPMASK_MSK.uexp" 806
"C:/Users/ldoyle/Documents/GitHub/SpookyGame/Content/Characters/Mannequins/Textures/Manny/T_Manny_02_D.ubulk" 807
"C:/Users/ldoyle/Documents/GitHub/SpookyGame/Content/Characters/Mannequins/Textures/Manny/T_Manny_02_D.uasset" 808
"C:/Users/ldoyle/Documents/GitHub/SpookyGame/Content/Characters/Mannequins/Textures/Manny/T_Manny_02_D.uexp" 809
"C:/Users/ldoyle/Documents/GitHub/SpookyGame/Content/Characters/Mannequins/Materials/Instances/Manny/MI_Manny_02.uasset" 810
"C:/Users/ldoyle/Documents/GitHub/SpookyGame/Content/Characters/Mannequins/Materials/Instances/Manny/MI_Manny_02.uexp" 811
"C:/Users/ldoyle/Documents/GitHub/SpookyGame/Content/Characters/Mannequins/Rigs/PA_Mannequin.uasset" 812
"C:/Users/ldoyle/Documents/GitHub/SpookyGame/Content/Characters/Mannequins/Rigs/PA_Mannequin.uexp" 813
"C:/Users/ldoyle/Documents/GitHub/SpookyGame/Content/Characters/Mannequins/Meshes/SKM_Manny.uasset" 814
"C:/Users/ldoyle/Documents/GitHub/SpookyGame/Content/Characters/Mannequins/Meshes/SKM_Manny.uexp" 815
"C:/Users/ldoyle/Documents/GitHub/SpookyGame/Content/MainGame/Blueprints/AI/Animations/RTG_Enemy.uasset" 816
"C:/Users/ldoyle/Documents/GitHub/SpookyGame/Content/MainGame/Blueprints/AI/Animations/RTG_Enemy.uexp" 817
"C:/Users/ldoyle/Documents/GitHub/SpookyGame/Content/MainGame/Blueprints/AI/Animations/ABP_Enemy.uasset" 818
"C:/Users/ldoyle/Documents/GitHub/SpookyGame/Content/MainGame/Blueprints/AI/Animations/ABP_Enemy.uexp" 819
"C:/Users/ldoyle/Documents/GitHub/SpookyGame/Content/Characters/Mannequins/Animations/Quinn/MF_Run_Fwd.uasset" 820
"C:/Users/ldoyle/Documents/GitHub/SpookyGame/Content/Characters/Mannequins/Animations/Quinn/MF_Run_Fwd.uexp" 821
"C:/Users/ldoyle/Documents/GitHub/SpookyGame/Content/Characters/Mannequins/Animations/Quinn/MF_Walk_Fwd.uasset" 822
"C:/Users/ldoyle/Documents/GitHub/SpookyGame/Content/Characters/Mannequins/Animations/Quinn/MF_Walk_Fwd.uexp" 823
"../../../Engine/Content/Animation/DefaultRecorderBoneCompression.uasset" 824
"../../../Engine/Content/Animation/DefaultRecorderBoneCompression.uexp" 825
"C:/Users/ldoyle/Documents/GitHub/SpookyGame/Content/Characters/Mannequins/Animations/Manny/MM_Walk_InPlace.uasset" 826
"C:/Users/ldoyle/Documents/GitHub/SpookyGame/Content/Characters/Mannequins/Animations/Manny/MM_Walk_InPlace.uexp" 827
"C:/Users/ldoyle/Documents/GitHub/SpookyGame/Content/Characters/Mannequins/Animations/Quinn/BS_MF_Unarmed_WalkRun.uasset" 828
"C:/Users/ldoyle/Documents/GitHub/SpookyGame/Content/Characters/Mannequins/Animations/Quinn/BS_MF_Unarmed_WalkRun.uexp" 829
"C:/Users/ldoyle/Documents/GitHub/SpookyGame/Content/Characters/Mannequins/Animations/Quinn/MF_Idle.uasset" 830
"C:/Users/ldoyle/Documents/GitHub/SpookyGame/Content/Characters/Mannequins/Animations/Quinn/MF_Idle.uexp" 831
"C:/Users/ldoyle/Documents/GitHub/SpookyGame/Content/Characters/Mannequins/Animations/Manny/MM_Fall_Loop.uasset" 832
"C:/Users/ldoyle/Documents/GitHub/SpookyGame/Content/Characters/Mannequins/Animations/Manny/MM_Fall_Loop.uexp" 833
"C:/Users/ldoyle/Documents/GitHub/SpookyGame/Content/Characters/Mannequins/Animations/Manny/MM_Jump.uasset" 834
"C:/Users/ldoyle/Documents/GitHub/SpookyGame/Content/Characters/Mannequins/Animations/Manny/MM_Jump.uexp" 835
"C:/Users/ldoyle/Documents/GitHub/SpookyGame/Content/Characters/Mannequins/Rigs/CR_Mannequin_BasicFootIK.uasset" 836
"C:/Users/ldoyle/Documents/GitHub/SpookyGame/Content/Characters/Mannequins/Rigs/CR_Mannequin_BasicFootIK.uexp" 837
"C:/Users/ldoyle/Documents/GitHub/SpookyGame/Content/Characters/Mannequins/Animations/Manny/MM_Run_Fwd.uasset" 838
"C:/Users/ldoyle/Documents/GitHub/SpookyGame/Content/Characters/Mannequins/Animations/Manny/MM_Run_Fwd.uexp" 839
"C:/Users/ldoyle/Documents/GitHub/SpookyGame/Content/Characters/Mannequins/Animations/Manny/MM_Walk_Fwd.uasset" 840
"C:/Users/ldoyle/Documents/GitHub/SpookyGame/Content/Characters/Mannequins/Animations/Manny/MM_Walk_Fwd.uexp" 841
"C:/Users/ldoyle/Documents/GitHub/SpookyGame/Content/Characters/Mannequins/Animations/Manny/BS_MM_WalkRun.uasset" 842
"C:/Users/ldoyle/Documents/GitHub/SpookyGame/Content/Characters/Mannequins/Animations/Manny/BS_MM_WalkRun.uexp" 843
"C:/Users/ldoyle/Documents/GitHub/SpookyGame/Content/Characters/Mannequins/Animations/Manny/MM_Land.uasset" 844
"C:/Users/ldoyle/Documents/GitHub/SpookyGame/Content/Characters/Mannequins/Animations/Manny/MM_Land.uexp" 845
"C:/Users/ldoyle/Documents/GitHub/SpookyGame/Content/Characters/Mannequins/Animations/Manny/MM_Idle.uasset" 846
"C:/Users/ldoyle/Documents/GitHub/SpookyGame/Content/Characters/Mannequins/Animations/Manny/MM_Idle.uexp" 847
"C:/Users/ldoyle/Documents/GitHub/SpookyGame/Content/Characters/Mannequins/Animations/ABP_Manny.uasset" 848
"C:/Users/ldoyle/Documents/GitHub/SpookyGame/Content/Characters/Mannequins/Animations/ABP_Manny.uexp" 849
"C:/Users/ldoyle/Documents/GitHub/SpookyGame/Content/Characters/Mannequins/Animations/ABP_Quinn.uasset" 850
"C:/Users/ldoyle/Documents/GitHub/SpookyGame/Content/Characters/Mannequins/Animations/ABP_Quinn.uexp" 851
"C:/Users/ldoyle/Documents/GitHub/SpookyGame/Content/MainGame/Blueprints/AI/BB_Enemy.uasset" 852
"C:/Users/ldoyle/Documents/GitHub/SpookyGame/Content/MainGame/Blueprints/AI/BB_Enemy.uexp" 853
"C:/Users/ldoyle/Documents/GitHub/SpookyGame/Content/MainGame/Blueprints/AI/BTT_FindRandomPatrol.uasset" 854
"C:/Users/ldoyle/Documents/GitHub/SpookyGame/Content/MainGame/Blueprints/AI/BTT_FindRandomPatrol.uexp" 855
"C:/Users/ldoyle/Documents/GitHub/SpookyGame/Content/MainGame/Blueprints/AI/BTT_ChasePlayer.uasset" 856
"C:/Users/ldoyle/Documents/GitHub/SpookyGame/Content/MainGame/Blueprints/AI/BTT_ChasePlayer.uexp" 857
"C:/Users/ldoyle/Documents/GitHub/SpookyGame/Content/MainGame/Blueprints/AI/BT_Enemy.uasset" 858
"C:/Users/ldoyle/Documents/GitHub/SpookyGame/Content/MainGame/Blueprints/AI/BT_Enemy.uexp" 859
"C:/Users/ldoyle/Documents/GitHub/SpookyGame/Content/MainGame/Blueprints/AI/BP_EnemyController.uasset" 860
"C:/Users/ldoyle/Documents/GitHub/SpookyGame/Content/MainGame/Blueprints/AI/BP_EnemyController.uexp" 861
"C:/Users/ldoyle/Documents/GitHub/SpookyGame/Content/Characters/Mannequins/Rigs/Poses/Quinn/Quinn_foot_l_anim.uasset" 862
"C:/Users/ldoyle/Documents/GitHub/SpookyGame/Content/Characters/Mannequins/Rigs/Poses/Quinn/Quinn_foot_l_anim.uexp" 863
"C:/Users/ldoyle/Documents/GitHub/SpookyGame/Content/Characters/Mannequins/Rigs/Poses/Quinn/Quinn_foot_l_pose.uasset" 864
"C:/Users/ldoyle/Documents/GitHub/SpookyGame/Content/Characters/Mannequins/Rigs/Poses/Quinn/Quinn_foot_l_pose.uexp" 865
"C:/Users/ldoyle/Documents/GitHub/SpookyGame/Content/Characters/Mannequins/Rigs/Poses/Quinn/Quinn_clavicle_l_anim.uasset" 866
"C:/Users/ldoyle/Documents/GitHub/SpookyGame/Content/Characters/Mannequins/Rigs/Poses/Quinn/Quinn_clavicle_l_anim.uexp" 867
"C:/Users/ldoyle/Documents/GitHub/SpookyGame/Content/Characters/Mannequins/Rigs/Poses/Quinn/Quinn_clavicle_l_pose.uasset" 868
"C:/Users/ldoyle/Documents/GitHub/SpookyGame/Content/Characters/Mannequins/Rigs/Poses/Quinn/Quinn_clavicle_l_pose.uexp" 869
"C:/Users/ldoyle/Documents/GitHub/SpookyGame/Content/Characters/Mannequins/Rigs/Poses/Quinn/Quinn_clavicle_r_anim.uasset" 870
"C:/Users/ldoyle/Documents/GitHub/SpookyGame/Content/Characters/Mannequins/Rigs/Poses/Quinn/Quinn_clavicle_r_anim.uexp" 871
"C:/Users/ldoyle/Documents/GitHub/SpookyGame/Content/Characters/Mannequins/Rigs/Poses/Quinn/Quinn_clavicle_r_pose.uasset" 872
"C:/Users/ldoyle/Documents/GitHub/SpookyGame/Content/Characters/Mannequins/Rigs/Poses/Quinn/Quinn_clavicle_r_pose.uexp" 873
"C:/Users/ldoyle/Documents/GitHub/SpookyGame/Content/Characters/Mannequins/Rigs/Poses/Quinn/Quinn_upperarm_l_anim.uasset" 874
"C:/Users/ldoyle/Documents/GitHub/SpookyGame/Content/Characters/Mannequins/Rigs/Poses/Quinn/Quinn_upperarm_l_anim.uexp" 875
"C:/Users/ldoyle/Documents/GitHub/SpookyGame/Content/Characters/Mannequins/Rigs/Poses/Quinn/Quinn_upperarm_l_pose.uasset" 876
"C:/Users/ldoyle/Documents/GitHub/SpookyGame/Content/Characters/Mannequins/Rigs/Poses/Quinn/Quinn_upperarm_l_pose.uexp" 877
"C:/Users/ldoyle/Documents/GitHub/SpookyGame/Content/Characters/Mannequins/Rigs/Poses/Quinn/Quinn_lowerarm_l_anim.uasset" 878
"C:/Users/ldoyle/Documents/GitHub/SpookyGame/Content/Characters/Mannequins/Rigs/Poses/Quinn/Quinn_lowerarm_l_anim.uexp" 879
"C:/Users/ldoyle/Documents/GitHub/SpookyGame/Content/Characters/Mannequins/Rigs/Poses/Quinn/Quinn_lowerarm_l_pose.uasset" 880
"C:/Users/ldoyle/Documents/GitHub/SpookyGame/Content/Characters/Mannequins/Rigs/Poses/Quinn/Quinn_lowerarm_l_pose.uexp" 881
"C:/Users/ldoyle/Documents/GitHub/SpookyGame/Content/Characters/Mannequins/Rigs/Poses/Quinn/Quinn_calf_l_anim.uasset" 882
"C:/Users/ldoyle/Documents/GitHub/SpookyGame/Content/Characters/Mannequins/Rigs/Poses/Quinn/Quinn_calf_l_anim.uexp" 883
"C:/Users/ldoyle/Documents/GitHub/SpookyGame/Content/Characters/Mannequins/Rigs/Poses/Quinn/Quinn_calf_l_pose.uasset" 884
"C:/Users/ldoyle/Documents/GitHub/SpookyGame/Content/Characters/Mannequins/Rigs/Poses/Quinn/Quinn_calf_l_pose.uexp" 885
"C:/Users/ldoyle/Documents/GitHub/SpookyGame/Content/Characters/Mannequins/Rigs/Poses/Quinn/Quinn_upperarm_r_anim.uasset" 886
"C:/Users/ldoyle/Documents/GitHub/SpookyGame/Content/Characters/Mannequins/Rigs/Poses/Quinn/Quinn_upperarm_r_anim.uexp" 887
"C:/Users/ldoyle/Documents/GitHub/SpookyGame/Content/Characters/Mannequins/Rigs/Poses/Quinn/Quinn_upperarm_r_pose.uasset" 888
"C:/Users/ldoyle/Documents/GitHub/SpookyGame/Content/Characters/Mannequins/Rigs/Poses/Quinn/Quinn_upperarm_r_pose.uexp" 889
"C:/Users/ldoyle/Documents/GitHub/SpookyGame/Content/Characters/Mannequins/Rigs/Poses/Quinn/Quinn_calf_r_anim.uasset" 890
"C:/Users/ldoyle/Documents/GitHub/SpookyGame/Content/Characters/Mannequins/Rigs/Poses/Quinn/Quinn_calf_r_anim.uexp" 891
"C:/Users/ldoyle/Documents/GitHub/SpookyGame/Content/Characters/Mannequins/Rigs/Poses/Quinn/Quinn_calf_r_pose.uasset" 892
"C:/Users/ldoyle/Documents/GitHub/SpookyGame/Content/Characters/Mannequins/Rigs/Poses/Quinn/Quinn_calf_r_pose.uexp" 893
"C:/Users/ldoyle/Documents/GitHub/SpookyGame/Content/Characters/Mannequins/Rigs/Poses/Quinn/Quinn_foot_r_anim.uasset" 894
"C:/Users/ldoyle/Documents/GitHub/SpookyGame/Content/Characters/Mannequins/Rigs/Poses/Quinn/Quinn_foot_r_anim.uexp" 895
"C:/Users/ldoyle/Documents/GitHub/SpookyGame/Content/Characters/Mannequins/Rigs/Poses/Quinn/Quinn_foot_r_pose.uasset" 896
"C:/Users/ldoyle/Documents/GitHub/SpookyGame/Content/Characters/Mannequins/Rigs/Poses/Quinn/Quinn_foot_r_pose.uexp" 897
"C:/Users/ldoyle/Documents/GitHub/SpookyGame/Content/Characters/Mannequins/Rigs/Poses/Quinn/Quinn_lowerarm_r_anim.uasset" 898
"C:/Users/ldoyle/Documents/GitHub/SpookyGame/Content/Characters/Mannequins/Rigs/Poses/Quinn/Quinn_lowerarm_r_anim.uexp" 899
"C:/Users/ldoyle/Documents/GitHub/SpookyGame/Content/Characters/Mannequins/Rigs/Poses/Quinn/Quinn_lowerarm_r_pose.uasset" 900
"C:/Users/ldoyle/Documents/GitHub/SpookyGame/Content/Characters/Mannequins/Rigs/Poses/Quinn/Quinn_lowerarm_r_pose.uexp" 901
"C:/Users/ldoyle/Documents/GitHub/SpookyGame/Content/Characters/Mannequins/Rigs/Poses/Quinn/Quinn_thigh_l_anim.uasset" 902
"C:/Users/ldoyle/Documents/GitHub/SpookyGame/Content/Characters/Mannequins/Rigs/Poses/Quinn/Quinn_thigh_l_anim.uexp" 903
"C:/Users/ldoyle/Documents/GitHub/SpookyGame/Content/Characters/Mannequins/Rigs/Poses/Quinn/Quinn_thigh_l_pose.uasset" 904
"C:/Users/ldoyle/Documents/GitHub/SpookyGame/Content/Characters/Mannequins/Rigs/Poses/Quinn/Quinn_thigh_l_pose.uexp" 905
"C:/Users/ldoyle/Documents/GitHub/SpookyGame/Content/Characters/Mannequins/Rigs/Poses/Quinn/Quinn_thigh_r_anim.uasset" 906
"C:/Users/ldoyle/Documents/GitHub/SpookyGame/Content/Characters/Mannequins/Rigs/Poses/Quinn/Quinn_thigh_r_anim.uexp" 907
"C:/Users/ldoyle/Documents/GitHub/SpookyGame/Content/Characters/Mannequins/Rigs/Poses/Quinn/Quinn_thigh_r_pose.uasset" 908
"C:/Users/ldoyle/Documents/GitHub/SpookyGame/Content/Characters/Mannequins/Rigs/Poses/Quinn/Quinn_thigh_r_pose.uexp" 909
"C:/Users/ldoyle/Documents/GitHub/SpookyGame/Content/Characters/Mannequins/Rigs/Poses/Quinn/Quinn_hand_l_anim.uasset" 910
"C:/Users/ldoyle/Documents/GitHub/SpookyGame/Content/Characters/Mannequins/Rigs/Poses/Quinn/Quinn_hand_l_anim.uexp" 911
"C:/Users/ldoyle/Documents/GitHub/SpookyGame/Content/Characters/Mannequins/Rigs/Poses/Quinn/Quinn_hand_l_pose.uasset" 912
"C:/Users/ldoyle/Documents/GitHub/SpookyGame/Content/Characters/Mannequins/Rigs/Poses/Quinn/Quinn_hand_l_pose.uexp" 913
"C:/Users/ldoyle/Documents/GitHub/SpookyGame/Content/Characters/Mannequins/Rigs/Poses/Quinn/Quinn_hand_r_anim.uasset" 914
"C:/Users/ldoyle/Documents/GitHub/SpookyGame/Content/Characters/Mannequins/Rigs/Poses/Quinn/Quinn_hand_r_anim.uexp" 915
"C:/Users/ldoyle/Documents/GitHub/SpookyGame/Content/Characters/Mannequins/Rigs/Poses/Quinn/Quinn_hand_r_pose.uasset" 916
"C:/Users/ldoyle/Documents/GitHub/SpookyGame/Content/Characters/Mannequins/Rigs/Poses/Quinn/Quinn_hand_r_pose.uexp" 917
"C:/Users/ldoyle/Documents/GitHub/SpookyGame/Content/Characters/Mannequins/Rigs/ABP_Quinn_PostProcess.uasset" 918
"C:/Users/ldoyle/Documents/GitHub/SpookyGame/Content/Characters/Mannequins/Rigs/ABP_Quinn_PostProcess.uexp" 919
"C:/Users/ldoyle/Documents/GitHub/SpookyGame/Content/Characters/Mannequins/Textures/Quinn/T_Quinn_02ID_MSR_MSK.ubulk" 920
"C:/Users/ldoyle/Documents/GitHub/SpookyGame/Content/Characters/Mannequins/Textures/Quinn/T_Quinn_02ID_MSR_MSK.uasset" 921
"C:/Users/ldoyle/Documents/GitHub/SpookyGame/Content/Characters/Mannequins/Textures/Quinn/T_Quinn_02ID_MSR_MSK.uexp" 922
"C:/Users/ldoyle/Documents/GitHub/SpookyGame/Content/Characters/Mannequins/Textures/Quinn/T_Quinn_02ID_BN.ubulk" 923
"C:/Users/ldoyle/Documents/GitHub/SpookyGame/Content/Characters/Mannequins/Textures/Quinn/T_Quinn_02ID_BN.uasset" 924
"C:/Users/ldoyle/Documents/GitHub/SpookyGame/Content/Characters/Mannequins/Textures/Quinn/T_Quinn_02ID_BN.uexp" 925
"C:/Users/ldoyle/Documents/GitHub/SpookyGame/Content/Characters/Mannequins/Textures/Quinn/T_Quinn_02_ASAOMASK_MSK.ubulk" 926
"C:/Users/ldoyle/Documents/GitHub/SpookyGame/Content/Characters/Mannequins/Textures/Quinn/T_Quinn_02_ASAOMASK_MSK.uasset" 927
"C:/Users/ldoyle/Documents/GitHub/SpookyGame/Content/Characters/Mannequins/Textures/Quinn/T_Quinn_02_ASAOMASK_MSK.uexp" 928
"C:/Users/ldoyle/Documents/GitHub/SpookyGame/Content/Characters/Mannequins/Textures/Quinn/T_Quinn_02_CCRCCPlastic_MSK.ubulk" 929
"C:/Users/ldoyle/Documents/GitHub/SpookyGame/Content/Characters/Mannequins/Textures/Quinn/T_Quinn_02_CCRCCPlastic_MSK.uasset" 930
"C:/Users/ldoyle/Documents/GitHub/SpookyGame/Content/Characters/Mannequins/Textures/Quinn/T_Quinn_02_CCRCCPlastic_MSK.uexp" 931
"C:/Users/ldoyle/Documents/GitHub/SpookyGame/Content/Characters/Mannequins/Textures/Quinn/T_Quinn_02ID_Tan.ubulk" 932
"C:/Users/ldoyle/Documents/GitHub/SpookyGame/Content/Characters/Mannequins/Textures/Quinn/T_Quinn_02ID_Tan.uasset" 933
"C:/Users/ldoyle/Documents/GitHub/SpookyGame/Content/Characters/Mannequins/Textures/Quinn/T_Quinn_02ID_Tan.uexp" 934
"C:/Users/ldoyle/Documents/GitHub/SpookyGame/Content/Characters/Mannequins/Textures/Quinn/T_Quinn_02ID_D.ubulk" 935
"C:/Users/ldoyle/Documents/GitHub/SpookyGame/Content/Characters/Mannequins/Textures/Quinn/T_Quinn_02ID_D.uasset" 936
"C:/Users/ldoyle/Documents/GitHub/SpookyGame/Content/Characters/Mannequins/Textures/Quinn/T_Quinn_02ID_D.uexp" 937
"C:/Users/ldoyle/Documents/GitHub/SpookyGame/Content/Characters/Mannequins/Textures/Quinn/T_Quinn_01ID_MSR_MSK.ubulk" 938
"C:/Users/ldoyle/Documents/GitHub/SpookyGame/Content/Characters/Mannequins/Textures/Quinn/T_Quinn_01ID_MSR_MSK.uasset" 939
"C:/Users/ldoyle/Documents/GitHub/SpookyGame/Content/Characters/Mannequins/Textures/Quinn/T_Quinn_01ID_MSR_MSK.uexp" 940
"C:/Users/ldoyle/Documents/GitHub/SpookyGame/Content/Characters/Mannequins/Textures/Quinn/T_Quinn_01_ASAOMASK_MSK.ubulk" 941
"C:/Users/ldoyle/Documents/GitHub/SpookyGame/Content/Characters/Mannequins/Textures/Quinn/T_Quinn_01_ASAOMASK_MSK.uasset" 942
"C:/Users/ldoyle/Documents/GitHub/SpookyGame/Content/Characters/Mannequins/Textures/Quinn/T_Quinn_01_ASAOMASK_MSK.uexp" 943
"C:/Users/ldoyle/Documents/GitHub/SpookyGame/Content/Characters/Mannequins/Textures/Quinn/T_Quinn_01ID_N.ubulk" 944
"C:/Users/ldoyle/Documents/GitHub/SpookyGame/Content/Characters/Mannequins/Textures/Quinn/T_Quinn_01ID_N.uasset" 945
"C:/Users/ldoyle/Documents/GitHub/SpookyGame/Content/Characters/Mannequins/Textures/Quinn/T_Quinn_01ID_N.uexp" 946
"C:/Users/ldoyle/Documents/GitHub/SpookyGame/Content/Characters/Mannequins/Textures/Quinn/T_Quinn_01ID_BN.ubulk" 947
"C:/Users/ldoyle/Documents/GitHub/SpookyGame/Content/Characters/Mannequins/Textures/Quinn/T_Quinn_01ID_BN.uasset" 948
"C:/Users/ldoyle/Documents/GitHub/SpookyGame/Content/Characters/Mannequins/Textures/Quinn/T_Quinn_01ID_BN.uexp" 949
"C:/Users/ldoyle/Documents/GitHub/SpookyGame/Content/Characters/Mannequins/Textures/Quinn/T_Quinn_01ID_D.ubulk" 950
"C:/Users/ldoyle/Documents/GitHub/SpookyGame/Content/Characters/Mannequins/Textures/Quinn/T_Quinn_01ID_D.uasset" 951
"C:/Users/ldoyle/Documents/GitHub/SpookyGame/Content/Characters/Mannequins/Textures/Quinn/T_Quinn_01ID_D.uexp" 952
"C:/Users/ldoyle/Documents/GitHub/SpookyGame/Content/Characters/Mannequins/Textures/Quinn/T_Quinn_01ID_Tan.ubulk" 953
"C:/Users/ldoyle/Documents/GitHub/SpookyGame/Content/Characters/Mannequins/Textures/Quinn/T_Quinn_01ID_Tan.uasset" 954
"C:/Users/ldoyle/Documents/GitHub/SpookyGame/Content/Characters/Mannequins/Textures/Quinn/T_Quinn_01ID_Tan.uexp" 955
"C:/Users/ldoyle/Documents/GitHub/SpookyGame/Content/Characters/Mannequins/Textures/Quinn/T_Quinn_01_CCRCCPlastic_MSK.ubulk" 956
"C:/Users/ldoyle/Documents/GitHub/SpookyGame/Content/Characters/Mannequins/Textures/Quinn/T_Quinn_01_CCRCCPlastic_MSK.uasset" 957
"C:/Users/ldoyle/Documents/GitHub/SpookyGame/Content/Characters/Mannequins/Textures/Quinn/T_Quinn_01_CCRCCPlastic_MSK.uexp" 958
"C:/Users/ldoyle/Documents/GitHub/SpookyGame/Content/Characters/Mannequins/Materials/Instances/Quinn/MI_Quinn_01.uasset" 959
"C:/Users/ldoyle/Documents/GitHub/SpookyGame/Content/Characters/Mannequins/Materials/Instances/Quinn/MI_Quinn_01.uexp" 960
"C:/Users/ldoyle/Documents/GitHub/SpookyGame/Content/Characters/Mannequins/Textures/Quinn/T_Quinn_02ID_N.ubulk" 961
"C:/Users/ldoyle/Documents/GitHub/SpookyGame/Content/Characters/Mannequins/Textures/Quinn/T_Quinn_02ID_N.uasset" 962
"C:/Users/ldoyle/Documents/GitHub/SpookyGame/Content/Characters/Mannequins/Textures/Quinn/T_Quinn_02ID_N.uexp" 963
"C:/Users/ldoyle/Documents/GitHub/SpookyGame/Content/Characters/Mannequins/Materials/Instances/Quinn/MI_Quinn_02.uasset" 964
"C:/Users/ldoyle/Documents/GitHub/SpookyGame/Content/Characters/Mannequins/Materials/Instances/Quinn/MI_Quinn_02.uexp" 965
"C:/Users/ldoyle/Documents/GitHub/SpookyGame/Content/Characters/Mannequins/Meshes/SKM_Quinn.uasset" 966
"C:/Users/ldoyle/Documents/GitHub/SpookyGame/Content/Characters/Mannequins/Meshes/SKM_Quinn.uexp" 967
"C:/Users/ldoyle/Documents/GitHub/SpookyGame/Content/MainGame/Blueprints/AI/BP_EnemyAnim.uasset" 968
"C:/Users/ldoyle/Documents/GitHub/SpookyGame/Content/MainGame/Blueprints/AI/BP_EnemyAnim.uexp" 969
"C:/Users/ldoyle/Documents/GitHub/SpookyGame/Content/MainGame/Blueprints/Wizard/BP_Wizard_Fire.uasset" 970
"C:/Users/ldoyle/Documents/GitHub/SpookyGame/Content/MainGame/Blueprints/Wizard/BP_Wizard_Fire.uexp" 971
"C:/Users/ldoyle/Documents/GitHub/SpookyGame/Content/MainGame/Blueprints/BP_Interactable.uasset" 972
"C:/Users/ldoyle/Documents/GitHub/SpookyGame/Content/MainGame/Blueprints/BP_Interactable.uexp" 973
"C:/Users/ldoyle/Documents/GitHub/SpookyGame/Content/MainGame/Props/Scroll/Beige.uasset" 974
"C:/Users/ldoyle/Documents/GitHub/SpookyGame/Content/MainGame/Props/Scroll/Beige.uexp" 975
"C:/Users/ldoyle/Documents/GitHub/SpookyGame/Content/MainGame/Props/Scroll/DarkRed.uasset" 976
"C:/Users/ldoyle/Documents/GitHub/SpookyGame/Content/MainGame/Props/Scroll/DarkRed.uexp" 977
"C:/Users/ldoyle/Documents/GitHub/SpookyGame/Content/MainGame/Props/Scroll/Scroll.ubulk" 978
"C:/Users/ldoyle/Documents/GitHub/SpookyGame/Content/MainGame/Props/Scroll/Scroll.uasset" 979
"C:/Users/ldoyle/Documents/GitHub/SpookyGame/Content/MainGame/Props/Scroll/Scroll.uexp" 980
"C:/Users/ldoyle/Documents/GitHub/SpookyGame/Content/MainGame/Blueprints/BP_Scroll.uasset" 981
"C:/Users/ldoyle/Documents/GitHub/SpookyGame/Content/MainGame/Blueprints/BP_Scroll.uexp" 982
"C:/Users/ldoyle/Documents/GitHub/SpookyGame/Content/MainGame/UI/UI_Main.uasset" 983
"C:/Users/ldoyle/Documents/GitHub/SpookyGame/Content/MainGame/UI/UI_Main.uexp" 984
"../../../Engine/Content/BasicShapes/Sphere.ubulk" 985
"../../../Engine/Content/BasicShapes/Sphere.uasset" 986
"../../../Engine/Content/BasicShapes/Sphere.uexp" 987
"../../../Engine/Content/VREditor/UI/ArrowMaterial.uasset" 988
"../../../Engine/Content/VREditor/UI/ArrowMaterial.uexp" 989
"C:/Users/ldoyle/Documents/GitHub/SpookyGame/Content/MainGame/Blueprints/BP_Orb.uasset" 990
"C:/Users/ldoyle/Documents/GitHub/SpookyGame/Content/MainGame/Blueprints/BP_Orb.uexp" 991
"C:/Users/ldoyle/Documents/GitHub/SpookyGame/Content/MainGame/Audio/SpookyMusic.ubulk" 992
"C:/Users/ldoyle/Documents/GitHub/SpookyGame/Content/MainGame/Audio/SpookyMusic.uasset" 993
"C:/Users/ldoyle/Documents/GitHub/SpookyGame/Content/MainGame/Audio/SpookyMusic.uexp" 994
"C:/Users/ldoyle/Documents/GitHub/SpookyGame/Content/MainGame/Audio/SpookyMusic_Cue.uasset" 995
"C:/Users/ldoyle/Documents/GitHub/SpookyGame/Content/MainGame/Audio/SpookyMusic_Cue.uexp" 996
"C:/Users/ldoyle/Documents/GitHub/SpookyGame/Content/MainGame/Blueprints/Gamemodes/BP_DarkGameMode.uasset" 997
"C:/Users/ldoyle/Documents/GitHub/SpookyGame/Content/MainGame/Blueprints/Gamemodes/BP_DarkGameMode.uexp" 998
"C:/Users/ldoyle/Documents/GitHub/SpookyGame/Content/MainGame/EvilGameLevel.uexp" 999
"C:/Users/ldoyle/Documents/GitHub/SpookyGame/Content/MainGame/EvilGameLevel.umap" 1000
"../../../Engine/Content/Maps/Entry_BuiltData.uasset" 1001
"../../../Engine/Content/Maps/Entry_BuiltData.uexp" 1002
"../../../Engine/Content/Maps/Entry.uexp" 1003
"../../../Engine/Content/Maps/Entry.umap" 1004
